-----------------------------------------------------------------
Build log started on Thursday 18/07/2019 14:28:28-553
-----------------------------------------------------------------
Number of devices: 1
Devices: Intel(R) Core(TM) i7-7700 CPU @ 3.60GHz; 
Purpose: Building context for a run on a single devices.
OpenCL compiler params: -cl-std=CL1.2 -I/home/hcs/Documents/pFaces/bin/kernels/ -I../examples/pirk/kernel-pack// -D UNIVERSAL_WIDTH_X=10 -D UNIVERSAL_WIDTH_Y=1 -D UNIVERSAL_OFFSET_X=0 -D UNIVERSAL_OFFSET_Y=0 -D PROCESS_WIDTH_X=0 -D PROCESS_WIDTH_Y=0 -D PROCESS_OFFSET_X=0 -D PROCESS_OFFSET_Y=0
Kernel file: ../examples/pirk/kernel-pack//pirk.cpu.cl.render
-----------------------------------------------------------------
Failed to build the kernel(../examples/pirk/kernel-pack//pirk.cpu.cl.render) and the following is the build log: 

Build log for  Dev. [Intel(R) Core(TM) i7-7700 CPU @ 3.60GHz] with options (-cl-std=CL1.2 -I/home/hcs/Documents/pFaces/bin/kernels/ -I../examples/pirk/kernel-pack// -D UNIVERSAL_WIDTH_X=10 -D UNIVERSAL_WIDTH_Y=1 -D UNIVERSAL_OFFSET_X=0 -D UNIVERSAL_OFFSET_Y=0 -D PROCESS_WIDTH_X=0 -D PROCESS_WIDTH_Y=0 -D PROCESS_OFFSET_X=0 -D PROCESS_OFFSET_Y=0):
Compilation started
1:36:19: error: expected expression
1:36:19: error: expected ']'
1:36:16: note: to match this '['
1:99:13: error: implicit declaration of function 'dynamics_element' is invalid in OpenCL
1:155:104: error: parameter may not be qualified with an address space
1:161:32: error: use of undeclared identifier 'i'
1:161:34: error: use of undeclared identifier 'j'
1:161:37: error: use of undeclared identifier 'r'
1:161:39: error: use of undeclared identifier 'j'
1:163:25: error: expected expression
1:163:25: error: expected ']'
1:163:14: note: to match this '['
1:164:25: error: expected expression
1:164:25: error: expected ']'
1:164:14: note: to match this '['
1:215:78: error: use of undeclared identifier 'ncel'; did you mean 'ceil'?
<stdin>:319:3: note: 'ceil' declared here
1:234:68: error: use of undeclared identifier 'ncel'; did you mean 'ceil'?
<stdin>:319:3: note: 'ceil' declared here
1:253:68: error: use of undeclared identifier 'ncel'; did you mean 'ceil'?
<stdin>:319:3: note: 'ceil' declared here
1:272:68: error: use of undeclared identifier 'ncel'; did you mean 'ceil'?
<stdin>:319:3: note: 'ceil' declared here
Compilation failed

-----------------------------------------------------------------
Build ended
-----------------------------------------------------------------

-----------------------------------------------------------------
Build log started on Thursday 18/07/2019 14:35:46-915
-----------------------------------------------------------------
Number of devices: 1
Devices: Intel(R) Core(TM) i7-7700 CPU @ 3.60GHz; 
Purpose: Building context for a run on a single devices.
OpenCL compiler params: -cl-std=CL1.2 -I/home/hcs/Documents/pFaces/bin/kernels/ -I../examples/pirk/kernel-pack// -D UNIVERSAL_WIDTH_X=10 -D UNIVERSAL_WIDTH_Y=1 -D UNIVERSAL_OFFSET_X=0 -D UNIVERSAL_OFFSET_Y=0 -D PROCESS_WIDTH_X=0 -D PROCESS_WIDTH_Y=0 -D PROCESS_OFFSET_X=0 -D PROCESS_OFFSET_Y=0
Kernel file: ../examples/pirk/kernel-pack//pirk.cpu.cl.render
-----------------------------------------------------------------
Failed to build the kernel(../examples/pirk/kernel-pack//pirk.cpu.cl.render) and the following is the build log: 

Build log for  Dev. [Intel(R) Core(TM) i7-7700 CPU @ 3.60GHz] with options (-cl-std=CL1.2 -I/home/hcs/Documents/pFaces/bin/kernels/ -I../examples/pirk/kernel-pack// -D UNIVERSAL_WIDTH_X=10 -D UNIVERSAL_WIDTH_Y=1 -D UNIVERSAL_OFFSET_X=0 -D UNIVERSAL_OFFSET_Y=0 -D PROCESS_WIDTH_X=0 -D PROCESS_WIDTH_Y=0 -D PROCESS_OFFSET_X=0 -D PROCESS_OFFSET_Y=0):
Compilation started
1:36:19: error: expected expression
1:36:19: error: expected ']'
1:36:16: note: to match this '['
1:155:104: error: parameter may not be qualified with an address space
1:161:32: error: use of undeclared identifier 'i'
1:161:34: error: use of undeclared identifier 'j'
1:161:37: error: use of undeclared identifier 'r'
1:161:39: error: use of undeclared identifier 'j'
1:163:25: error: expected expression
1:163:25: error: expected ']'
1:163:14: note: to match this '['
1:164:25: error: expected expression
1:164:25: error: expected ']'
1:164:14: note: to match this '['
Compilation failed

-----------------------------------------------------------------
Build ended
-----------------------------------------------------------------

-----------------------------------------------------------------
Build log started on Thursday 18/07/2019 14:35:52-553
-----------------------------------------------------------------
Number of devices: 1
Devices: Intel(R) Core(TM) i7-7700 CPU @ 3.60GHz; 
Purpose: Building context for a run on a single devices.
OpenCL compiler params: -cl-std=CL1.2 -I/home/hcs/Documents/pFaces/bin/kernels/ -I../examples/pirk/kernel-pack// -D UNIVERSAL_WIDTH_X=10 -D UNIVERSAL_WIDTH_Y=1 -D UNIVERSAL_OFFSET_X=0 -D UNIVERSAL_OFFSET_Y=0 -D PROCESS_WIDTH_X=0 -D PROCESS_WIDTH_Y=0 -D PROCESS_OFFSET_X=0 -D PROCESS_OFFSET_Y=0
Kernel file: ../examples/pirk/kernel-pack//pirk.cpu.cl.render
-----------------------------------------------------------------
Failed to build the kernel(../examples/pirk/kernel-pack//pirk.cpu.cl.render) and the following is the build log: 

Build log for  Dev. [Intel(R) Core(TM) i7-7700 CPU @ 3.60GHz] with options (-cl-std=CL1.2 -I/home/hcs/Documents/pFaces/bin/kernels/ -I../examples/pirk/kernel-pack// -D UNIVERSAL_WIDTH_X=10 -D UNIVERSAL_WIDTH_Y=1 -D UNIVERSAL_OFFSET_X=0 -D UNIVERSAL_OFFSET_Y=0 -D PROCESS_WIDTH_X=0 -D PROCESS_WIDTH_Y=0 -D PROCESS_OFFSET_X=0 -D PROCESS_OFFSET_Y=0):
Compilation started
1:155:104: error: parameter may not be qualified with an address space
1:161:32: error: use of undeclared identifier 'i'
1:161:34: error: use of undeclared identifier 'j'
1:161:37: error: use of undeclared identifier 'r'
1:161:39: error: use of undeclared identifier 'j'
Compilation failed

-----------------------------------------------------------------
Build ended
-----------------------------------------------------------------

-----------------------------------------------------------------
Build log started on Thursday 18/07/2019 14:39:27-253
-----------------------------------------------------------------
Number of devices: 1
Devices: Intel(R) Core(TM) i7-7700 CPU @ 3.60GHz; 
Purpose: Building context for a run on a single devices.
OpenCL compiler params: -cl-std=CL1.2 -I/home/hcs/Documents/pFaces/bin/kernels/ -I../examples/pirk/kernel-pack// -D UNIVERSAL_WIDTH_X=10 -D UNIVERSAL_WIDTH_Y=1 -D UNIVERSAL_OFFSET_X=0 -D UNIVERSAL_OFFSET_Y=0 -D PROCESS_WIDTH_X=0 -D PROCESS_WIDTH_Y=0 -D PROCESS_OFFSET_X=0 -D PROCESS_OFFSET_Y=0
Kernel file: ../examples/pirk/kernel-pack//pirk.cpu.cl.render
-----------------------------------------------------------------
Build was succesufull with the following log:


Build log for  Dev. [Intel(R) Core(TM) i7-7700 CPU @ 3.60GHz] with options (-cl-std=CL1.2 -I/home/hcs/Documents/pFaces/bin/kernels/ -I../examples/pirk/kernel-pack// -D UNIVERSAL_WIDTH_X=10 -D UNIVERSAL_WIDTH_Y=1 -D UNIVERSAL_OFFSET_X=0 -D UNIVERSAL_OFFSET_Y=0 -D PROCESS_WIDTH_X=0 -D PROCESS_WIDTH_Y=0 -D PROCESS_OFFSET_X=0 -D PROCESS_OFFSET_Y=0):
Compilation started
Compilation done
Linking started
Linking done
Device build started
Device build done
Kernel <gb_initialize_center> was successfully vectorized (8)
Kernel <gb_integrate_center_1> was successfully vectorized (8)
Kernel <gb_integrate_center_2> was successfully vectorized (8)
Kernel <gb_integrate_center_3> was successfully vectorized (8)
Kernel <gb_integrate_center_4> was successfully vectorized (8)
Kernel <gb_compute_contraction_matrix> was successfully vectorized (8)
Kernel <gb_initialize_radius> was successfully vectorized (8)
Kernel <gb_integrate_radius_1> was not vectorized
Kernel <gb_integrate_radius_2> was not vectorized
Kernel <gb_integrate_radius_3> was not vectorized
Kernel <gb_integrate_radius_4> was not vectorized
Done.
-----------------------------------------------------------------
Build ended
-----------------------------------------------------------------

-----------------------------------------------------------------
Build log started on Thursday 18/07/2019 14:42:23-411
-----------------------------------------------------------------
Number of devices: 1
Devices: Intel(R) Core(TM) i7-7700 CPU @ 3.60GHz; 
Purpose: Building context for a run on a single devices.
OpenCL compiler params: -cl-std=CL1.2 -I/home/hcs/Documents/pFaces/bin/kernels/ -I../examples/pirk/kernel-pack// -D UNIVERSAL_WIDTH_X=10 -D UNIVERSAL_WIDTH_Y=1 -D UNIVERSAL_OFFSET_X=0 -D UNIVERSAL_OFFSET_Y=0 -D PROCESS_WIDTH_X=0 -D PROCESS_WIDTH_Y=0 -D PROCESS_OFFSET_X=0 -D PROCESS_OFFSET_Y=0
Kernel file: ../examples/pirk/kernel-pack//pirk.cpu.cl.render
-----------------------------------------------------------------
Build was succesufull with the following log:


Build log for  Dev. [Intel(R) Core(TM) i7-7700 CPU @ 3.60GHz] with options (-cl-std=CL1.2 -I/home/hcs/Documents/pFaces/bin/kernels/ -I../examples/pirk/kernel-pack// -D UNIVERSAL_WIDTH_X=10 -D UNIVERSAL_WIDTH_Y=1 -D UNIVERSAL_OFFSET_X=0 -D UNIVERSAL_OFFSET_Y=0 -D PROCESS_WIDTH_X=0 -D PROCESS_WIDTH_Y=0 -D PROCESS_OFFSET_X=0 -D PROCESS_OFFSET_Y=0):
Compilation started
Compilation done
Linking started
Linking done
Device build started
Device build done
Kernel <gb_initialize_center> was successfully vectorized (8)
Kernel <gb_integrate_center_1> was successfully vectorized (8)
Kernel <gb_integrate_center_2> was successfully vectorized (8)
Kernel <gb_integrate_center_3> was successfully vectorized (8)
Kernel <gb_integrate_center_4> was successfully vectorized (8)
Kernel <gb_compute_contraction_matrix> was successfully vectorized (8)
Kernel <gb_initialize_radius> was successfully vectorized (8)
Kernel <gb_integrate_radius_1> was not vectorized
Kernel <gb_integrate_radius_2> was not vectorized
Kernel <gb_integrate_radius_3> was not vectorized
Kernel <gb_integrate_radius_4> was not vectorized
Done.
-----------------------------------------------------------------
Build ended
-----------------------------------------------------------------

-----------------------------------------------------------------
Build log started on Thursday 18/07/2019 14:46:46-921
-----------------------------------------------------------------
Number of devices: 1
Devices: Intel(R) Core(TM) i7-7700 CPU @ 3.60GHz; 
Purpose: Building context for a run on a single devices.
OpenCL compiler params: -cl-std=CL1.2 -I/home/hcs/Documents/pFaces/bin/kernels/ -I../examples/pirk/kernel-pack// -D UNIVERSAL_WIDTH_X=10 -D UNIVERSAL_WIDTH_Y=1 -D UNIVERSAL_OFFSET_X=0 -D UNIVERSAL_OFFSET_Y=0 -D PROCESS_WIDTH_X=0 -D PROCESS_WIDTH_Y=0 -D PROCESS_OFFSET_X=0 -D PROCESS_OFFSET_Y=0
Kernel file: ../examples/pirk/kernel-pack//pirk.cpu.cl.render
-----------------------------------------------------------------
Build was succesufull with the following log:


Build log for  Dev. [Intel(R) Core(TM) i7-7700 CPU @ 3.60GHz] with options (-cl-std=CL1.2 -I/home/hcs/Documents/pFaces/bin/kernels/ -I../examples/pirk/kernel-pack// -D UNIVERSAL_WIDTH_X=10 -D UNIVERSAL_WIDTH_Y=1 -D UNIVERSAL_OFFSET_X=0 -D UNIVERSAL_OFFSET_Y=0 -D PROCESS_WIDTH_X=0 -D PROCESS_WIDTH_Y=0 -D PROCESS_OFFSET_X=0 -D PROCESS_OFFSET_Y=0):
Compilation started
Compilation done
Linking started
Linking done
Device build started
Device build done
Kernel <gb_initialize_center> was successfully vectorized (8)
Kernel <gb_integrate_center_1> was successfully vectorized (8)
Kernel <gb_integrate_center_2> was successfully vectorized (8)
Kernel <gb_integrate_center_3> was successfully vectorized (8)
Kernel <gb_integrate_center_4> was successfully vectorized (8)
Kernel <gb_compute_contraction_matrix> was successfully vectorized (8)
Kernel <gb_initialize_radius> was successfully vectorized (8)
Kernel <gb_integrate_radius_1> was not vectorized
Kernel <gb_integrate_radius_2> was not vectorized
Kernel <gb_integrate_radius_3> was not vectorized
Kernel <gb_integrate_radius_4> was not vectorized
Done.
-----------------------------------------------------------------
Build ended
-----------------------------------------------------------------

-----------------------------------------------------------------
Build log started on Thursday 18/07/2019 14:48:48-571
-----------------------------------------------------------------
Number of devices: 1
Devices: Intel(R) Core(TM) i7-7700 CPU @ 3.60GHz; 
Purpose: Building context for a run on a single devices.
OpenCL compiler params: -cl-std=CL1.2 -I/home/hcs/Documents/pFaces/bin/kernels/ -I../examples/pirk/kernel-pack// -D UNIVERSAL_WIDTH_X=10 -D UNIVERSAL_WIDTH_Y=1 -D UNIVERSAL_OFFSET_X=0 -D UNIVERSAL_OFFSET_Y=0 -D PROCESS_WIDTH_X=0 -D PROCESS_WIDTH_Y=0 -D PROCESS_OFFSET_X=0 -D PROCESS_OFFSET_Y=0
Kernel file: ../examples/pirk/kernel-pack//pirk.cpu.cl.render
-----------------------------------------------------------------
Build was succesufull with the following log:


Build log for  Dev. [Intel(R) Core(TM) i7-7700 CPU @ 3.60GHz] with options (-cl-std=CL1.2 -I/home/hcs/Documents/pFaces/bin/kernels/ -I../examples/pirk/kernel-pack// -D UNIVERSAL_WIDTH_X=10 -D UNIVERSAL_WIDTH_Y=1 -D UNIVERSAL_OFFSET_X=0 -D UNIVERSAL_OFFSET_Y=0 -D PROCESS_WIDTH_X=0 -D PROCESS_WIDTH_Y=0 -D PROCESS_OFFSET_X=0 -D PROCESS_OFFSET_Y=0):
Compilation started
Compilation done
Linking started
Linking done
Device build started
Device build done
Kernel <gb_initialize_center> was successfully vectorized (8)
Kernel <gb_integrate_center_1> was successfully vectorized (8)
Kernel <gb_integrate_center_2> was successfully vectorized (8)
Kernel <gb_integrate_center_3> was successfully vectorized (8)
Kernel <gb_integrate_center_4> was successfully vectorized (8)
Kernel <gb_compute_contraction_matrix> was successfully vectorized (8)
Kernel <gb_initialize_radius> was successfully vectorized (8)
Kernel <gb_integrate_radius_1> was not vectorized
Kernel <gb_integrate_radius_2> was not vectorized
Kernel <gb_integrate_radius_3> was not vectorized
Kernel <gb_integrate_radius_4> was not vectorized
Done.
-----------------------------------------------------------------
Build ended
-----------------------------------------------------------------

-----------------------------------------------------------------
Build log started on Thursday 18/07/2019 14:48:59-818
-----------------------------------------------------------------
Number of devices: 1
Devices: Intel(R) Core(TM) i7-7700 CPU @ 3.60GHz; 
Purpose: Building context for a run on a single devices.
OpenCL compiler params: -cl-std=CL1.2 -I/home/hcs/Documents/pFaces/bin/kernels/ -I../examples/pirk/kernel-pack// -D UNIVERSAL_WIDTH_X=10 -D UNIVERSAL_WIDTH_Y=1 -D UNIVERSAL_OFFSET_X=0 -D UNIVERSAL_OFFSET_Y=0 -D PROCESS_WIDTH_X=0 -D PROCESS_WIDTH_Y=0 -D PROCESS_OFFSET_X=0 -D PROCESS_OFFSET_Y=0
Kernel file: ../examples/pirk/kernel-pack//pirk.cpu.cl.render
-----------------------------------------------------------------
Build was succesufull with the following log:


Build log for  Dev. [Intel(R) Core(TM) i7-7700 CPU @ 3.60GHz] with options (-cl-std=CL1.2 -I/home/hcs/Documents/pFaces/bin/kernels/ -I../examples/pirk/kernel-pack// -D UNIVERSAL_WIDTH_X=10 -D UNIVERSAL_WIDTH_Y=1 -D UNIVERSAL_OFFSET_X=0 -D UNIVERSAL_OFFSET_Y=0 -D PROCESS_WIDTH_X=0 -D PROCESS_WIDTH_Y=0 -D PROCESS_OFFSET_X=0 -D PROCESS_OFFSET_Y=0):
Compilation started
Compilation done
Linking started
Linking done
Device build started
Device build done
Kernel <gb_initialize_center> was successfully vectorized (8)
Kernel <gb_integrate_center_1> was successfully vectorized (8)
Kernel <gb_integrate_center_2> was successfully vectorized (8)
Kernel <gb_integrate_center_3> was successfully vectorized (8)
Kernel <gb_integrate_center_4> was successfully vectorized (8)
Kernel <gb_compute_contraction_matrix> was successfully vectorized (8)
Kernel <gb_initialize_radius> was successfully vectorized (8)
Kernel <gb_integrate_radius_1> was not vectorized
Kernel <gb_integrate_radius_2> was not vectorized
Kernel <gb_integrate_radius_3> was not vectorized
Kernel <gb_integrate_radius_4> was not vectorized
Done.
-----------------------------------------------------------------
Build ended
-----------------------------------------------------------------

-----------------------------------------------------------------
Build log started on Thursday 18/07/2019 14:49:04-475
-----------------------------------------------------------------
Number of devices: 1
Devices: Intel(R) Core(TM) i7-7700 CPU @ 3.60GHz; 
Purpose: Building context for a run on a single devices.
OpenCL compiler params: -cl-std=CL1.2 -I/home/hcs/Documents/pFaces/bin/kernels/ -I../examples/pirk/kernel-pack// -D UNIVERSAL_WIDTH_X=10 -D UNIVERSAL_WIDTH_Y=1 -D UNIVERSAL_OFFSET_X=0 -D UNIVERSAL_OFFSET_Y=0 -D PROCESS_WIDTH_X=0 -D PROCESS_WIDTH_Y=0 -D PROCESS_OFFSET_X=0 -D PROCESS_OFFSET_Y=0
Kernel file: ../examples/pirk/kernel-pack//pirk.cpu.cl.render
-----------------------------------------------------------------
Build was succesufull with the following log:


Build log for  Dev. [Intel(R) Core(TM) i7-7700 CPU @ 3.60GHz] with options (-cl-std=CL1.2 -I/home/hcs/Documents/pFaces/bin/kernels/ -I../examples/pirk/kernel-pack// -D UNIVERSAL_WIDTH_X=10 -D UNIVERSAL_WIDTH_Y=1 -D UNIVERSAL_OFFSET_X=0 -D UNIVERSAL_OFFSET_Y=0 -D PROCESS_WIDTH_X=0 -D PROCESS_WIDTH_Y=0 -D PROCESS_OFFSET_X=0 -D PROCESS_OFFSET_Y=0):
Compilation started
Compilation done
Linking started
Linking done
Device build started
Device build done
Kernel <gb_initialize_center> was successfully vectorized (8)
Kernel <gb_integrate_center_1> was successfully vectorized (8)
Kernel <gb_integrate_center_2> was successfully vectorized (8)
Kernel <gb_integrate_center_3> was successfully vectorized (8)
Kernel <gb_integrate_center_4> was successfully vectorized (8)
Kernel <gb_compute_contraction_matrix> was successfully vectorized (8)
Kernel <gb_initialize_radius> was successfully vectorized (8)
Kernel <gb_integrate_radius_1> was not vectorized
Kernel <gb_integrate_radius_2> was not vectorized
Kernel <gb_integrate_radius_3> was not vectorized
Kernel <gb_integrate_radius_4> was not vectorized
Done.
-----------------------------------------------------------------
Build ended
-----------------------------------------------------------------

-----------------------------------------------------------------
Build log started on Thursday 18/07/2019 14:49:21-615
-----------------------------------------------------------------
Number of devices: 1
Devices: Intel(R) Core(TM) i7-7700 CPU @ 3.60GHz; 
Purpose: Building context for a run on a single devices.
OpenCL compiler params: -cl-std=CL1.2 -I/home/hcs/Documents/pFaces/bin/kernels/ -I../examples/pirk/kernel-pack// -D UNIVERSAL_WIDTH_X=10 -D UNIVERSAL_WIDTH_Y=1 -D UNIVERSAL_OFFSET_X=0 -D UNIVERSAL_OFFSET_Y=0 -D PROCESS_WIDTH_X=0 -D PROCESS_WIDTH_Y=0 -D PROCESS_OFFSET_X=0 -D PROCESS_OFFSET_Y=0
Kernel file: ../examples/pirk/kernel-pack//pirk.cpu.cl.render
-----------------------------------------------------------------
Build was succesufull with the following log:


Build log for  Dev. [Intel(R) Core(TM) i7-7700 CPU @ 3.60GHz] with options (-cl-std=CL1.2 -I/home/hcs/Documents/pFaces/bin/kernels/ -I../examples/pirk/kernel-pack// -D UNIVERSAL_WIDTH_X=10 -D UNIVERSAL_WIDTH_Y=1 -D UNIVERSAL_OFFSET_X=0 -D UNIVERSAL_OFFSET_Y=0 -D PROCESS_WIDTH_X=0 -D PROCESS_WIDTH_Y=0 -D PROCESS_OFFSET_X=0 -D PROCESS_OFFSET_Y=0):
Compilation started
Compilation done
Linking started
Linking done
Device build started
Device build done
Kernel <gb_initialize_center> was successfully vectorized (8)
Kernel <gb_integrate_center_1> was successfully vectorized (8)
Kernel <gb_integrate_center_2> was successfully vectorized (8)
Kernel <gb_integrate_center_3> was successfully vectorized (8)
Kernel <gb_integrate_center_4> was successfully vectorized (8)
Kernel <gb_compute_contraction_matrix> was successfully vectorized (8)
Kernel <gb_initialize_radius> was successfully vectorized (8)
Kernel <gb_integrate_radius_1> was not vectorized
Kernel <gb_integrate_radius_2> was not vectorized
Kernel <gb_integrate_radius_3> was not vectorized
Kernel <gb_integrate_radius_4> was not vectorized
Done.
-----------------------------------------------------------------
Build ended
-----------------------------------------------------------------

-----------------------------------------------------------------
Build log started on Thursday 18/07/2019 14:49:27-765
-----------------------------------------------------------------
Number of devices: 1
Devices: Intel(R) Core(TM) i7-7700 CPU @ 3.60GHz; 
Purpose: Building context for a run on a single devices.
OpenCL compiler params: -cl-std=CL1.2 -I/home/hcs/Documents/pFaces/bin/kernels/ -I../examples/pirk/kernel-pack// -D UNIVERSAL_WIDTH_X=10 -D UNIVERSAL_WIDTH_Y=1 -D UNIVERSAL_OFFSET_X=0 -D UNIVERSAL_OFFSET_Y=0 -D PROCESS_WIDTH_X=0 -D PROCESS_WIDTH_Y=0 -D PROCESS_OFFSET_X=0 -D PROCESS_OFFSET_Y=0
Kernel file: ../examples/pirk/kernel-pack//pirk.cpu.cl.render
-----------------------------------------------------------------
Build was succesufull with the following log:


Build log for  Dev. [Intel(R) Core(TM) i7-7700 CPU @ 3.60GHz] with options (-cl-std=CL1.2 -I/home/hcs/Documents/pFaces/bin/kernels/ -I../examples/pirk/kernel-pack// -D UNIVERSAL_WIDTH_X=10 -D UNIVERSAL_WIDTH_Y=1 -D UNIVERSAL_OFFSET_X=0 -D UNIVERSAL_OFFSET_Y=0 -D PROCESS_WIDTH_X=0 -D PROCESS_WIDTH_Y=0 -D PROCESS_OFFSET_X=0 -D PROCESS_OFFSET_Y=0):
Compilation started
Compilation done
Linking started
Linking done
Device build started
Device build done
Kernel <gb_initialize_center> was successfully vectorized (8)
Kernel <gb_integrate_center_1> was successfully vectorized (8)
Kernel <gb_integrate_center_2> was successfully vectorized (8)
Kernel <gb_integrate_center_3> was successfully vectorized (8)
Kernel <gb_integrate_center_4> was successfully vectorized (8)
Kernel <gb_compute_contraction_matrix> was successfully vectorized (8)
Kernel <gb_initialize_radius> was successfully vectorized (8)
Kernel <gb_integrate_radius_1> was not vectorized
Kernel <gb_integrate_radius_2> was not vectorized
Kernel <gb_integrate_radius_3> was not vectorized
Kernel <gb_integrate_radius_4> was not vectorized
Done.
-----------------------------------------------------------------
Build ended
-----------------------------------------------------------------

-----------------------------------------------------------------
Build log started on Thursday 18/07/2019 14:52:03-722
-----------------------------------------------------------------
Number of devices: 1
Devices: Intel(R) Core(TM) i7-7700 CPU @ 3.60GHz; 
Purpose: Building context for a run on a single devices.
OpenCL compiler params: -cl-std=CL1.2 -I/home/hcs/Documents/pFaces/bin/kernels/ -I../examples/pirk/kernel-pack// -D UNIVERSAL_WIDTH_X=10 -D UNIVERSAL_WIDTH_Y=1 -D UNIVERSAL_OFFSET_X=0 -D UNIVERSAL_OFFSET_Y=0 -D PROCESS_WIDTH_X=0 -D PROCESS_WIDTH_Y=0 -D PROCESS_OFFSET_X=0 -D PROCESS_OFFSET_Y=0
Kernel file: ../examples/pirk/kernel-pack//pirk.cpu.cl.render
-----------------------------------------------------------------
Build was succesufull with the following log:


Build log for  Dev. [Intel(R) Core(TM) i7-7700 CPU @ 3.60GHz] with options (-cl-std=CL1.2 -I/home/hcs/Documents/pFaces/bin/kernels/ -I../examples/pirk/kernel-pack// -D UNIVERSAL_WIDTH_X=10 -D UNIVERSAL_WIDTH_Y=1 -D UNIVERSAL_OFFSET_X=0 -D UNIVERSAL_OFFSET_Y=0 -D PROCESS_WIDTH_X=0 -D PROCESS_WIDTH_Y=0 -D PROCESS_OFFSET_X=0 -D PROCESS_OFFSET_Y=0):
Compilation started
Compilation done
Linking started
Linking done
Device build started
Device build done
Kernel <gb_initialize_center> was successfully vectorized (8)
Kernel <gb_integrate_center_1> was successfully vectorized (8)
Kernel <gb_integrate_center_2> was successfully vectorized (8)
Kernel <gb_integrate_center_3> was successfully vectorized (8)
Kernel <gb_integrate_center_4> was successfully vectorized (8)
Kernel <gb_compute_contraction_matrix> was successfully vectorized (8)
Kernel <gb_initialize_radius> was successfully vectorized (8)
Kernel <gb_integrate_radius_1> was not vectorized
Kernel <gb_integrate_radius_2> was not vectorized
Kernel <gb_integrate_radius_3> was not vectorized
Kernel <gb_integrate_radius_4> was not vectorized
Done.
-----------------------------------------------------------------
Build ended
-----------------------------------------------------------------

-----------------------------------------------------------------
Build log started on Thursday 18/07/2019 14:52:52-847
-----------------------------------------------------------------
Number of devices: 1
Devices: Intel(R) Core(TM) i7-7700 CPU @ 3.60GHz; 
Purpose: Building context for a run on a single devices.
OpenCL compiler params: -cl-std=CL1.2 -I/home/hcs/Documents/pFaces/bin/kernels/ -I../examples/pirk/kernel-pack// -D UNIVERSAL_WIDTH_X=10 -D UNIVERSAL_WIDTH_Y=1 -D UNIVERSAL_OFFSET_X=0 -D UNIVERSAL_OFFSET_Y=0 -D PROCESS_WIDTH_X=0 -D PROCESS_WIDTH_Y=0 -D PROCESS_OFFSET_X=0 -D PROCESS_OFFSET_Y=0
Kernel file: ../examples/pirk/kernel-pack//pirk.cpu.cl.render
-----------------------------------------------------------------
Build was succesufull with the following log:


Build log for  Dev. [Intel(R) Core(TM) i7-7700 CPU @ 3.60GHz] with options (-cl-std=CL1.2 -I/home/hcs/Documents/pFaces/bin/kernels/ -I../examples/pirk/kernel-pack// -D UNIVERSAL_WIDTH_X=10 -D UNIVERSAL_WIDTH_Y=1 -D UNIVERSAL_OFFSET_X=0 -D UNIVERSAL_OFFSET_Y=0 -D PROCESS_WIDTH_X=0 -D PROCESS_WIDTH_Y=0 -D PROCESS_OFFSET_X=0 -D PROCESS_OFFSET_Y=0):
Compilation started
Compilation done
Linking started
Linking done
Device build started
Device build done
Kernel <gb_initialize_center> was successfully vectorized (8)
Kernel <gb_integrate_center_1> was successfully vectorized (8)
Kernel <gb_integrate_center_2> was successfully vectorized (8)
Kernel <gb_integrate_center_3> was successfully vectorized (8)
Kernel <gb_integrate_center_4> was successfully vectorized (8)
Kernel <gb_compute_contraction_matrix> was successfully vectorized (8)
Kernel <gb_initialize_radius> was successfully vectorized (8)
Kernel <gb_integrate_radius_1> was not vectorized
Kernel <gb_integrate_radius_2> was not vectorized
Kernel <gb_integrate_radius_3> was not vectorized
Kernel <gb_integrate_radius_4> was not vectorized
Done.
-----------------------------------------------------------------
Build ended
-----------------------------------------------------------------

-----------------------------------------------------------------
Build log started on Thursday 18/07/2019 14:52:54-775
-----------------------------------------------------------------
Number of devices: 1
Devices: Intel(R) Core(TM) i7-7700 CPU @ 3.60GHz; 
Purpose: Building context for a run on a single devices.
OpenCL compiler params: -cl-std=CL1.2 -I/home/hcs/Documents/pFaces/bin/kernels/ -I../examples/pirk/kernel-pack// -D UNIVERSAL_WIDTH_X=10 -D UNIVERSAL_WIDTH_Y=1 -D UNIVERSAL_OFFSET_X=0 -D UNIVERSAL_OFFSET_Y=0 -D PROCESS_WIDTH_X=0 -D PROCESS_WIDTH_Y=0 -D PROCESS_OFFSET_X=0 -D PROCESS_OFFSET_Y=0
Kernel file: ../examples/pirk/kernel-pack//pirk.cpu.cl.render
-----------------------------------------------------------------
Build was succesufull with the following log:


Build log for  Dev. [Intel(R) Core(TM) i7-7700 CPU @ 3.60GHz] with options (-cl-std=CL1.2 -I/home/hcs/Documents/pFaces/bin/kernels/ -I../examples/pirk/kernel-pack// -D UNIVERSAL_WIDTH_X=10 -D UNIVERSAL_WIDTH_Y=1 -D UNIVERSAL_OFFSET_X=0 -D UNIVERSAL_OFFSET_Y=0 -D PROCESS_WIDTH_X=0 -D PROCESS_WIDTH_Y=0 -D PROCESS_OFFSET_X=0 -D PROCESS_OFFSET_Y=0):
Compilation started
Compilation done
Linking started
Linking done
Device build started
Device build done
Kernel <gb_initialize_center> was successfully vectorized (8)
Kernel <gb_integrate_center_1> was successfully vectorized (8)
Kernel <gb_integrate_center_2> was successfully vectorized (8)
Kernel <gb_integrate_center_3> was successfully vectorized (8)
Kernel <gb_integrate_center_4> was successfully vectorized (8)
Kernel <gb_compute_contraction_matrix> was successfully vectorized (8)
Kernel <gb_initialize_radius> was successfully vectorized (8)
Kernel <gb_integrate_radius_1> was not vectorized
Kernel <gb_integrate_radius_2> was not vectorized
Kernel <gb_integrate_radius_3> was not vectorized
Kernel <gb_integrate_radius_4> was not vectorized
Done.
-----------------------------------------------------------------
Build ended
-----------------------------------------------------------------

-----------------------------------------------------------------
Build log started on Thursday 18/07/2019 14:53:49-335
-----------------------------------------------------------------
Number of devices: 1
Devices: Intel(R) Core(TM) i7-7700 CPU @ 3.60GHz; 
Purpose: Building context for a run on a single devices.
OpenCL compiler params: -cl-std=CL1.2 -I/home/hcs/Documents/pFaces/bin/kernels/ -I../examples/pirk/kernel-pack// -D UNIVERSAL_WIDTH_X=10 -D UNIVERSAL_WIDTH_Y=1 -D UNIVERSAL_OFFSET_X=0 -D UNIVERSAL_OFFSET_Y=0 -D PROCESS_WIDTH_X=0 -D PROCESS_WIDTH_Y=0 -D PROCESS_OFFSET_X=0 -D PROCESS_OFFSET_Y=0
Kernel file: ../examples/pirk/kernel-pack//pirk.cpu.cl.render
-----------------------------------------------------------------
Build was succesufull with the following log:


Build log for  Dev. [Intel(R) Core(TM) i7-7700 CPU @ 3.60GHz] with options (-cl-std=CL1.2 -I/home/hcs/Documents/pFaces/bin/kernels/ -I../examples/pirk/kernel-pack// -D UNIVERSAL_WIDTH_X=10 -D UNIVERSAL_WIDTH_Y=1 -D UNIVERSAL_OFFSET_X=0 -D UNIVERSAL_OFFSET_Y=0 -D PROCESS_WIDTH_X=0 -D PROCESS_WIDTH_Y=0 -D PROCESS_OFFSET_X=0 -D PROCESS_OFFSET_Y=0):
Compilation started
Compilation done
Linking started
Linking done
Device build started
Device build done
Kernel <gb_initialize_center> was successfully vectorized (8)
Kernel <gb_integrate_center_1> was successfully vectorized (8)
Kernel <gb_integrate_center_2> was successfully vectorized (8)
Kernel <gb_integrate_center_3> was successfully vectorized (8)
Kernel <gb_integrate_center_4> was successfully vectorized (8)
Kernel <gb_compute_contraction_matrix> was successfully vectorized (8)
Kernel <gb_initialize_radius> was successfully vectorized (8)
Kernel <gb_integrate_radius_1> was not vectorized
Kernel <gb_integrate_radius_2> was not vectorized
Kernel <gb_integrate_radius_3> was not vectorized
Kernel <gb_integrate_radius_4> was not vectorized
Done.
-----------------------------------------------------------------
Build ended
-----------------------------------------------------------------

-----------------------------------------------------------------
Build log started on Thursday 18/07/2019 14:54:11-032
-----------------------------------------------------------------
Number of devices: 1
Devices: Intel(R) Core(TM) i7-7700 CPU @ 3.60GHz; 
Purpose: Building context for a run on a single devices.
OpenCL compiler params: -cl-std=CL1.2 -I/home/hcs/Documents/pFaces/bin/kernels/ -I../examples/pirk/kernel-pack// -D UNIVERSAL_WIDTH_X=10 -D UNIVERSAL_WIDTH_Y=1 -D UNIVERSAL_OFFSET_X=0 -D UNIVERSAL_OFFSET_Y=0 -D PROCESS_WIDTH_X=0 -D PROCESS_WIDTH_Y=0 -D PROCESS_OFFSET_X=0 -D PROCESS_OFFSET_Y=0
Kernel file: ../examples/pirk/kernel-pack//pirk.cpu.cl.render
-----------------------------------------------------------------
Build was succesufull with the following log:


Build log for  Dev. [Intel(R) Core(TM) i7-7700 CPU @ 3.60GHz] with options (-cl-std=CL1.2 -I/home/hcs/Documents/pFaces/bin/kernels/ -I../examples/pirk/kernel-pack// -D UNIVERSAL_WIDTH_X=10 -D UNIVERSAL_WIDTH_Y=1 -D UNIVERSAL_OFFSET_X=0 -D UNIVERSAL_OFFSET_Y=0 -D PROCESS_WIDTH_X=0 -D PROCESS_WIDTH_Y=0 -D PROCESS_OFFSET_X=0 -D PROCESS_OFFSET_Y=0):
Compilation started
Compilation done
Linking started
Linking done
Device build started
Device build done
Kernel <gb_initialize_center> was successfully vectorized (8)
Kernel <gb_integrate_center_1> was successfully vectorized (8)
Kernel <gb_integrate_center_2> was successfully vectorized (8)
Kernel <gb_integrate_center_3> was successfully vectorized (8)
Kernel <gb_integrate_center_4> was successfully vectorized (8)
Kernel <gb_compute_contraction_matrix> was successfully vectorized (8)
Kernel <gb_initialize_radius> was successfully vectorized (8)
Kernel <gb_integrate_radius_1> was not vectorized
Kernel <gb_integrate_radius_2> was not vectorized
Kernel <gb_integrate_radius_3> was not vectorized
Kernel <gb_integrate_radius_4> was not vectorized
Done.
-----------------------------------------------------------------
Build ended
-----------------------------------------------------------------

-----------------------------------------------------------------
Build log started on Thursday 18/07/2019 14:54:13-343
-----------------------------------------------------------------
Number of devices: 1
Devices: Intel(R) Core(TM) i7-7700 CPU @ 3.60GHz; 
Purpose: Building context for a run on a single devices.
OpenCL compiler params: -cl-std=CL1.2 -I/home/hcs/Documents/pFaces/bin/kernels/ -I../examples/pirk/kernel-pack// -D UNIVERSAL_WIDTH_X=10 -D UNIVERSAL_WIDTH_Y=1 -D UNIVERSAL_OFFSET_X=0 -D UNIVERSAL_OFFSET_Y=0 -D PROCESS_WIDTH_X=0 -D PROCESS_WIDTH_Y=0 -D PROCESS_OFFSET_X=0 -D PROCESS_OFFSET_Y=0
Kernel file: ../examples/pirk/kernel-pack//pirk.cpu.cl.render
-----------------------------------------------------------------
Build was succesufull with the following log:


Build log for  Dev. [Intel(R) Core(TM) i7-7700 CPU @ 3.60GHz] with options (-cl-std=CL1.2 -I/home/hcs/Documents/pFaces/bin/kernels/ -I../examples/pirk/kernel-pack// -D UNIVERSAL_WIDTH_X=10 -D UNIVERSAL_WIDTH_Y=1 -D UNIVERSAL_OFFSET_X=0 -D UNIVERSAL_OFFSET_Y=0 -D PROCESS_WIDTH_X=0 -D PROCESS_WIDTH_Y=0 -D PROCESS_OFFSET_X=0 -D PROCESS_OFFSET_Y=0):
Compilation started
Compilation done
Linking started
Linking done
Device build started
Device build done
Kernel <gb_initialize_center> was successfully vectorized (8)
Kernel <gb_integrate_center_1> was successfully vectorized (8)
Kernel <gb_integrate_center_2> was successfully vectorized (8)
Kernel <gb_integrate_center_3> was successfully vectorized (8)
Kernel <gb_integrate_center_4> was successfully vectorized (8)
Kernel <gb_compute_contraction_matrix> was successfully vectorized (8)
Kernel <gb_initialize_radius> was successfully vectorized (8)
Kernel <gb_integrate_radius_1> was not vectorized
Kernel <gb_integrate_radius_2> was not vectorized
Kernel <gb_integrate_radius_3> was not vectorized
Kernel <gb_integrate_radius_4> was not vectorized
Done.
-----------------------------------------------------------------
Build ended
-----------------------------------------------------------------

-----------------------------------------------------------------
Build log started on Thursday 18/07/2019 14:54:16-568
-----------------------------------------------------------------
Number of devices: 1
Devices: Intel(R) Core(TM) i7-7700 CPU @ 3.60GHz; 
Purpose: Building context for a run on a single devices.
OpenCL compiler params: -cl-std=CL1.2 -I/home/hcs/Documents/pFaces/bin/kernels/ -I../examples/pirk/kernel-pack// -D UNIVERSAL_WIDTH_X=10 -D UNIVERSAL_WIDTH_Y=1 -D UNIVERSAL_OFFSET_X=0 -D UNIVERSAL_OFFSET_Y=0 -D PROCESS_WIDTH_X=0 -D PROCESS_WIDTH_Y=0 -D PROCESS_OFFSET_X=0 -D PROCESS_OFFSET_Y=0
Kernel file: ../examples/pirk/kernel-pack//pirk.cpu.cl.render
-----------------------------------------------------------------
Build was succesufull with the following log:


Build log for  Dev. [Intel(R) Core(TM) i7-7700 CPU @ 3.60GHz] with options (-cl-std=CL1.2 -I/home/hcs/Documents/pFaces/bin/kernels/ -I../examples/pirk/kernel-pack// -D UNIVERSAL_WIDTH_X=10 -D UNIVERSAL_WIDTH_Y=1 -D UNIVERSAL_OFFSET_X=0 -D UNIVERSAL_OFFSET_Y=0 -D PROCESS_WIDTH_X=0 -D PROCESS_WIDTH_Y=0 -D PROCESS_OFFSET_X=0 -D PROCESS_OFFSET_Y=0):
Compilation started
Compilation done
Linking started
Linking done
Device build started
Device build done
Kernel <gb_initialize_center> was successfully vectorized (8)
Kernel <gb_integrate_center_1> was successfully vectorized (8)
Kernel <gb_integrate_center_2> was successfully vectorized (8)
Kernel <gb_integrate_center_3> was successfully vectorized (8)
Kernel <gb_integrate_center_4> was successfully vectorized (8)
Kernel <gb_compute_contraction_matrix> was successfully vectorized (8)
Kernel <gb_initialize_radius> was successfully vectorized (8)
Kernel <gb_integrate_radius_1> was not vectorized
Kernel <gb_integrate_radius_2> was not vectorized
Kernel <gb_integrate_radius_3> was not vectorized
Kernel <gb_integrate_radius_4> was not vectorized
Done.
-----------------------------------------------------------------
Build ended
-----------------------------------------------------------------

-----------------------------------------------------------------
Build log started on Thursday 18/07/2019 14:57:25-975
-----------------------------------------------------------------
Number of devices: 1
Devices: Intel(R) Core(TM) i7-7700 CPU @ 3.60GHz; 
Purpose: Building context for a run on a single devices.
OpenCL compiler params: -cl-std=CL1.2 -I/home/hcs/Documents/pFaces/bin/kernels/ -I../examples/pirk/kernel-pack// -D UNIVERSAL_WIDTH_X=10 -D UNIVERSAL_WIDTH_Y=1 -D UNIVERSAL_OFFSET_X=0 -D UNIVERSAL_OFFSET_Y=0 -D PROCESS_WIDTH_X=0 -D PROCESS_WIDTH_Y=0 -D PROCESS_OFFSET_X=0 -D PROCESS_OFFSET_Y=0
Kernel file: ../examples/pirk/kernel-pack//pirk.cpu.cl.render
-----------------------------------------------------------------
Build was succesufull with the following log:


Build log for  Dev. [Intel(R) Core(TM) i7-7700 CPU @ 3.60GHz] with options (-cl-std=CL1.2 -I/home/hcs/Documents/pFaces/bin/kernels/ -I../examples/pirk/kernel-pack// -D UNIVERSAL_WIDTH_X=10 -D UNIVERSAL_WIDTH_Y=1 -D UNIVERSAL_OFFSET_X=0 -D UNIVERSAL_OFFSET_Y=0 -D PROCESS_WIDTH_X=0 -D PROCESS_WIDTH_Y=0 -D PROCESS_OFFSET_X=0 -D PROCESS_OFFSET_Y=0):
Compilation started
Compilation done
Linking started
Linking done
Device build started
Device build done
Kernel <gb_initialize_center> was successfully vectorized (8)
Kernel <gb_integrate_center_1> was successfully vectorized (8)
Kernel <gb_integrate_center_2> was successfully vectorized (8)
Kernel <gb_integrate_center_3> was successfully vectorized (8)
Kernel <gb_integrate_center_4> was successfully vectorized (8)
Kernel <gb_compute_contraction_matrix> was successfully vectorized (8)
Kernel <gb_initialize_radius> was successfully vectorized (8)
Kernel <gb_integrate_radius_1> was not vectorized
Kernel <gb_integrate_radius_2> was not vectorized
Kernel <gb_integrate_radius_3> was not vectorized
Kernel <gb_integrate_radius_4> was not vectorized
Done.
-----------------------------------------------------------------
Build ended
-----------------------------------------------------------------

-----------------------------------------------------------------
Build log started on Thursday 18/07/2019 14:57:40-189
-----------------------------------------------------------------
Number of devices: 1
Devices: Intel(R) Core(TM) i7-7700 CPU @ 3.60GHz; 
Purpose: Building context for a run on a single devices.
OpenCL compiler params: -cl-std=CL1.2 -I/home/hcs/Documents/pFaces/bin/kernels/ -I../examples/pirk/kernel-pack// -D UNIVERSAL_WIDTH_X=10 -D UNIVERSAL_WIDTH_Y=1 -D UNIVERSAL_OFFSET_X=0 -D UNIVERSAL_OFFSET_Y=0 -D PROCESS_WIDTH_X=0 -D PROCESS_WIDTH_Y=0 -D PROCESS_OFFSET_X=0 -D PROCESS_OFFSET_Y=0
Kernel file: ../examples/pirk/kernel-pack//pirk.cpu.cl.render
-----------------------------------------------------------------
Build was succesufull with the following log:


Build log for  Dev. [Intel(R) Core(TM) i7-7700 CPU @ 3.60GHz] with options (-cl-std=CL1.2 -I/home/hcs/Documents/pFaces/bin/kernels/ -I../examples/pirk/kernel-pack// -D UNIVERSAL_WIDTH_X=10 -D UNIVERSAL_WIDTH_Y=1 -D UNIVERSAL_OFFSET_X=0 -D UNIVERSAL_OFFSET_Y=0 -D PROCESS_WIDTH_X=0 -D PROCESS_WIDTH_Y=0 -D PROCESS_OFFSET_X=0 -D PROCESS_OFFSET_Y=0):
Compilation started
Compilation done
Linking started
Linking done
Device build started
Device build done
Kernel <gb_initialize_center> was successfully vectorized (8)
Kernel <gb_integrate_center_1> was successfully vectorized (8)
Kernel <gb_integrate_center_2> was successfully vectorized (8)
Kernel <gb_integrate_center_3> was successfully vectorized (8)
Kernel <gb_integrate_center_4> was successfully vectorized (8)
Kernel <gb_compute_contraction_matrix> was successfully vectorized (8)
Kernel <gb_initialize_radius> was successfully vectorized (8)
Kernel <gb_integrate_radius_1> was not vectorized
Kernel <gb_integrate_radius_2> was not vectorized
Kernel <gb_integrate_radius_3> was not vectorized
Kernel <gb_integrate_radius_4> was not vectorized
Done.
-----------------------------------------------------------------
Build ended
-----------------------------------------------------------------

-----------------------------------------------------------------
Build log started on Thursday 18/07/2019 15:00:24-607
-----------------------------------------------------------------
Number of devices: 1
Devices: Intel(R) Core(TM) i7-7700 CPU @ 3.60GHz; 
Purpose: Building context for a run on a single devices.
OpenCL compiler params: -cl-std=CL1.2 -I/home/hcs/Documents/pFaces/bin/kernels/ -I../examples/pirk/kernel-pack// -D UNIVERSAL_WIDTH_X=10 -D UNIVERSAL_WIDTH_Y=1 -D UNIVERSAL_OFFSET_X=0 -D UNIVERSAL_OFFSET_Y=0 -D PROCESS_WIDTH_X=0 -D PROCESS_WIDTH_Y=0 -D PROCESS_OFFSET_X=0 -D PROCESS_OFFSET_Y=0
Kernel file: ../examples/pirk/kernel-pack//pirk.cpu.cl.render
-----------------------------------------------------------------
Build was succesufull with the following log:


Build log for  Dev. [Intel(R) Core(TM) i7-7700 CPU @ 3.60GHz] with options (-cl-std=CL1.2 -I/home/hcs/Documents/pFaces/bin/kernels/ -I../examples/pirk/kernel-pack// -D UNIVERSAL_WIDTH_X=10 -D UNIVERSAL_WIDTH_Y=1 -D UNIVERSAL_OFFSET_X=0 -D UNIVERSAL_OFFSET_Y=0 -D PROCESS_WIDTH_X=0 -D PROCESS_WIDTH_Y=0 -D PROCESS_OFFSET_X=0 -D PROCESS_OFFSET_Y=0):
Compilation started
Compilation done
Linking started
Linking done
Device build started
Device build done
Kernel <gb_initialize_center> was successfully vectorized (8)
Kernel <gb_integrate_center_1> was successfully vectorized (8)
Kernel <gb_integrate_center_2> was successfully vectorized (8)
Kernel <gb_integrate_center_3> was successfully vectorized (8)
Kernel <gb_integrate_center_4> was successfully vectorized (8)
Kernel <gb_compute_contraction_matrix> was successfully vectorized (8)
Kernel <gb_initialize_radius> was successfully vectorized (8)
Kernel <gb_integrate_radius_1> was not vectorized
Kernel <gb_integrate_radius_2> was not vectorized
Kernel <gb_integrate_radius_3> was not vectorized
Kernel <gb_integrate_radius_4> was not vectorized
Done.
-----------------------------------------------------------------
Build ended
-----------------------------------------------------------------

-----------------------------------------------------------------
Build log started on Thursday 18/07/2019 15:00:30-277
-----------------------------------------------------------------
Number of devices: 1
Devices: Intel(R) Core(TM) i7-7700 CPU @ 3.60GHz; 
Purpose: Building context for a run on a single devices.
OpenCL compiler params: -cl-std=CL1.2 -I/home/hcs/Documents/pFaces/bin/kernels/ -I../examples/pirk/kernel-pack// -D UNIVERSAL_WIDTH_X=10 -D UNIVERSAL_WIDTH_Y=1 -D UNIVERSAL_OFFSET_X=0 -D UNIVERSAL_OFFSET_Y=0 -D PROCESS_WIDTH_X=0 -D PROCESS_WIDTH_Y=0 -D PROCESS_OFFSET_X=0 -D PROCESS_OFFSET_Y=0
Kernel file: ../examples/pirk/kernel-pack//pirk.cpu.cl.render
-----------------------------------------------------------------
Build was succesufull with the following log:


Build log for  Dev. [Intel(R) Core(TM) i7-7700 CPU @ 3.60GHz] with options (-cl-std=CL1.2 -I/home/hcs/Documents/pFaces/bin/kernels/ -I../examples/pirk/kernel-pack// -D UNIVERSAL_WIDTH_X=10 -D UNIVERSAL_WIDTH_Y=1 -D UNIVERSAL_OFFSET_X=0 -D UNIVERSAL_OFFSET_Y=0 -D PROCESS_WIDTH_X=0 -D PROCESS_WIDTH_Y=0 -D PROCESS_OFFSET_X=0 -D PROCESS_OFFSET_Y=0):
Compilation started
Compilation done
Linking started
Linking done
Device build started
Device build done
Kernel <gb_initialize_center> was successfully vectorized (8)
Kernel <gb_integrate_center_1> was successfully vectorized (8)
Kernel <gb_integrate_center_2> was successfully vectorized (8)
Kernel <gb_integrate_center_3> was successfully vectorized (8)
Kernel <gb_integrate_center_4> was successfully vectorized (8)
Kernel <gb_compute_contraction_matrix> was successfully vectorized (8)
Kernel <gb_initialize_radius> was successfully vectorized (8)
Kernel <gb_integrate_radius_1> was not vectorized
Kernel <gb_integrate_radius_2> was not vectorized
Kernel <gb_integrate_radius_3> was not vectorized
Kernel <gb_integrate_radius_4> was not vectorized
Done.
-----------------------------------------------------------------
Build ended
-----------------------------------------------------------------

-----------------------------------------------------------------
Build log started on Thursday 18/07/2019 15:00:50-494
-----------------------------------------------------------------
Number of devices: 1
Devices: Intel(R) Core(TM) i7-7700 CPU @ 3.60GHz; 
Purpose: Building context for a run on a single devices.
OpenCL compiler params: -cl-std=CL1.2 -I/home/hcs/Documents/pFaces/bin/kernels/ -I../examples/pirk/kernel-pack// -D UNIVERSAL_WIDTH_X=10 -D UNIVERSAL_WIDTH_Y=1 -D UNIVERSAL_OFFSET_X=0 -D UNIVERSAL_OFFSET_Y=0 -D PROCESS_WIDTH_X=0 -D PROCESS_WIDTH_Y=0 -D PROCESS_OFFSET_X=0 -D PROCESS_OFFSET_Y=0
Kernel file: ../examples/pirk/kernel-pack//pirk.cpu.cl.render
-----------------------------------------------------------------
Build was succesufull with the following log:


Build log for  Dev. [Intel(R) Core(TM) i7-7700 CPU @ 3.60GHz] with options (-cl-std=CL1.2 -I/home/hcs/Documents/pFaces/bin/kernels/ -I../examples/pirk/kernel-pack// -D UNIVERSAL_WIDTH_X=10 -D UNIVERSAL_WIDTH_Y=1 -D UNIVERSAL_OFFSET_X=0 -D UNIVERSAL_OFFSET_Y=0 -D PROCESS_WIDTH_X=0 -D PROCESS_WIDTH_Y=0 -D PROCESS_OFFSET_X=0 -D PROCESS_OFFSET_Y=0):
Compilation started
Compilation done
Linking started
Linking done
Device build started
Device build done
Kernel <gb_initialize_center> was successfully vectorized (8)
Kernel <gb_integrate_center_1> was successfully vectorized (8)
Kernel <gb_integrate_center_2> was successfully vectorized (8)
Kernel <gb_integrate_center_3> was successfully vectorized (8)
Kernel <gb_integrate_center_4> was successfully vectorized (8)
Kernel <gb_compute_contraction_matrix> was successfully vectorized (8)
Kernel <gb_initialize_radius> was successfully vectorized (8)
Kernel <gb_integrate_radius_1> was not vectorized
Kernel <gb_integrate_radius_2> was not vectorized
Kernel <gb_integrate_radius_3> was not vectorized
Kernel <gb_integrate_radius_4> was not vectorized
Done.
-----------------------------------------------------------------
Build ended
-----------------------------------------------------------------

-----------------------------------------------------------------
Build log started on Thursday 18/07/2019 15:00:53-727
-----------------------------------------------------------------
Number of devices: 1
Devices: Intel(R) Core(TM) i7-7700 CPU @ 3.60GHz; 
Purpose: Building context for a run on a single devices.
OpenCL compiler params: -cl-std=CL1.2 -I/home/hcs/Documents/pFaces/bin/kernels/ -I../examples/pirk/kernel-pack// -D UNIVERSAL_WIDTH_X=10 -D UNIVERSAL_WIDTH_Y=1 -D UNIVERSAL_OFFSET_X=0 -D UNIVERSAL_OFFSET_Y=0 -D PROCESS_WIDTH_X=0 -D PROCESS_WIDTH_Y=0 -D PROCESS_OFFSET_X=0 -D PROCESS_OFFSET_Y=0
Kernel file: ../examples/pirk/kernel-pack//pirk.cpu.cl.render
-----------------------------------------------------------------
Build was succesufull with the following log:


Build log for  Dev. [Intel(R) Core(TM) i7-7700 CPU @ 3.60GHz] with options (-cl-std=CL1.2 -I/home/hcs/Documents/pFaces/bin/kernels/ -I../examples/pirk/kernel-pack// -D UNIVERSAL_WIDTH_X=10 -D UNIVERSAL_WIDTH_Y=1 -D UNIVERSAL_OFFSET_X=0 -D UNIVERSAL_OFFSET_Y=0 -D PROCESS_WIDTH_X=0 -D PROCESS_WIDTH_Y=0 -D PROCESS_OFFSET_X=0 -D PROCESS_OFFSET_Y=0):
Compilation started
Compilation done
Linking started
Linking done
Device build started
Device build done
Kernel <gb_initialize_center> was successfully vectorized (8)
Kernel <gb_integrate_center_1> was successfully vectorized (8)
Kernel <gb_integrate_center_2> was successfully vectorized (8)
Kernel <gb_integrate_center_3> was successfully vectorized (8)
Kernel <gb_integrate_center_4> was successfully vectorized (8)
Kernel <gb_compute_contraction_matrix> was successfully vectorized (8)
Kernel <gb_initialize_radius> was successfully vectorized (8)
Kernel <gb_integrate_radius_1> was not vectorized
Kernel <gb_integrate_radius_2> was not vectorized
Kernel <gb_integrate_radius_3> was not vectorized
Kernel <gb_integrate_radius_4> was not vectorized
Done.
-----------------------------------------------------------------
Build ended
-----------------------------------------------------------------

-----------------------------------------------------------------
Build log started on Thursday 18/07/2019 15:01:01-504
-----------------------------------------------------------------
Number of devices: 1
Devices: Intel(R) Core(TM) i7-7700 CPU @ 3.60GHz; 
Purpose: Building context for a run on a single devices.
OpenCL compiler params: -cl-std=CL1.2 -I/home/hcs/Documents/pFaces/bin/kernels/ -I../examples/pirk/kernel-pack// -D UNIVERSAL_WIDTH_X=10 -D UNIVERSAL_WIDTH_Y=1 -D UNIVERSAL_OFFSET_X=0 -D UNIVERSAL_OFFSET_Y=0 -D PROCESS_WIDTH_X=0 -D PROCESS_WIDTH_Y=0 -D PROCESS_OFFSET_X=0 -D PROCESS_OFFSET_Y=0
Kernel file: ../examples/pirk/kernel-pack//pirk.cpu.cl.render
-----------------------------------------------------------------
Build was succesufull with the following log:


Build log for  Dev. [Intel(R) Core(TM) i7-7700 CPU @ 3.60GHz] with options (-cl-std=CL1.2 -I/home/hcs/Documents/pFaces/bin/kernels/ -I../examples/pirk/kernel-pack// -D UNIVERSAL_WIDTH_X=10 -D UNIVERSAL_WIDTH_Y=1 -D UNIVERSAL_OFFSET_X=0 -D UNIVERSAL_OFFSET_Y=0 -D PROCESS_WIDTH_X=0 -D PROCESS_WIDTH_Y=0 -D PROCESS_OFFSET_X=0 -D PROCESS_OFFSET_Y=0):
Compilation started
Compilation done
Linking started
Linking done
Device build started
Device build done
Kernel <gb_initialize_center> was successfully vectorized (8)
Kernel <gb_integrate_center_1> was successfully vectorized (8)
Kernel <gb_integrate_center_2> was successfully vectorized (8)
Kernel <gb_integrate_center_3> was successfully vectorized (8)
Kernel <gb_integrate_center_4> was successfully vectorized (8)
Kernel <gb_compute_contraction_matrix> was successfully vectorized (8)
Kernel <gb_initialize_radius> was successfully vectorized (8)
Kernel <gb_integrate_radius_1> was not vectorized
Kernel <gb_integrate_radius_2> was not vectorized
Kernel <gb_integrate_radius_3> was not vectorized
Kernel <gb_integrate_radius_4> was not vectorized
Done.
-----------------------------------------------------------------
Build ended
-----------------------------------------------------------------

-----------------------------------------------------------------
Build log started on Thursday 18/07/2019 15:01:10-301
-----------------------------------------------------------------
Number of devices: 1
Devices: Intel(R) Core(TM) i7-7700 CPU @ 3.60GHz; 
Purpose: Building context for a run on a single devices.
OpenCL compiler params: -cl-std=CL1.2 -I/home/hcs/Documents/pFaces/bin/kernels/ -I../examples/pirk/kernel-pack// -D UNIVERSAL_WIDTH_X=10 -D UNIVERSAL_WIDTH_Y=1 -D UNIVERSAL_OFFSET_X=0 -D UNIVERSAL_OFFSET_Y=0 -D PROCESS_WIDTH_X=0 -D PROCESS_WIDTH_Y=0 -D PROCESS_OFFSET_X=0 -D PROCESS_OFFSET_Y=0
Kernel file: ../examples/pirk/kernel-pack//pirk.cpu.cl.render
-----------------------------------------------------------------
Build was succesufull with the following log:


Build log for  Dev. [Intel(R) Core(TM) i7-7700 CPU @ 3.60GHz] with options (-cl-std=CL1.2 -I/home/hcs/Documents/pFaces/bin/kernels/ -I../examples/pirk/kernel-pack// -D UNIVERSAL_WIDTH_X=10 -D UNIVERSAL_WIDTH_Y=1 -D UNIVERSAL_OFFSET_X=0 -D UNIVERSAL_OFFSET_Y=0 -D PROCESS_WIDTH_X=0 -D PROCESS_WIDTH_Y=0 -D PROCESS_OFFSET_X=0 -D PROCESS_OFFSET_Y=0):
Compilation started
Compilation done
Linking started
Linking done
Device build started
Device build done
Kernel <gb_initialize_center> was successfully vectorized (8)
Kernel <gb_integrate_center_1> was successfully vectorized (8)
Kernel <gb_integrate_center_2> was successfully vectorized (8)
Kernel <gb_integrate_center_3> was successfully vectorized (8)
Kernel <gb_integrate_center_4> was successfully vectorized (8)
Kernel <gb_compute_contraction_matrix> was successfully vectorized (8)
Kernel <gb_initialize_radius> was successfully vectorized (8)
Kernel <gb_integrate_radius_1> was not vectorized
Kernel <gb_integrate_radius_2> was not vectorized
Kernel <gb_integrate_radius_3> was not vectorized
Kernel <gb_integrate_radius_4> was not vectorized
Done.
-----------------------------------------------------------------
Build ended
-----------------------------------------------------------------

-----------------------------------------------------------------
Build log started on Thursday 18/07/2019 15:01:14-069
-----------------------------------------------------------------
Number of devices: 1
Devices: Intel(R) Core(TM) i7-7700 CPU @ 3.60GHz; 
Purpose: Building context for a run on a single devices.
OpenCL compiler params: -cl-std=CL1.2 -I/home/hcs/Documents/pFaces/bin/kernels/ -I../examples/pirk/kernel-pack// -D UNIVERSAL_WIDTH_X=10 -D UNIVERSAL_WIDTH_Y=1 -D UNIVERSAL_OFFSET_X=0 -D UNIVERSAL_OFFSET_Y=0 -D PROCESS_WIDTH_X=0 -D PROCESS_WIDTH_Y=0 -D PROCESS_OFFSET_X=0 -D PROCESS_OFFSET_Y=0
Kernel file: ../examples/pirk/kernel-pack//pirk.cpu.cl.render
-----------------------------------------------------------------
Build was succesufull with the following log:


Build log for  Dev. [Intel(R) Core(TM) i7-7700 CPU @ 3.60GHz] with options (-cl-std=CL1.2 -I/home/hcs/Documents/pFaces/bin/kernels/ -I../examples/pirk/kernel-pack// -D UNIVERSAL_WIDTH_X=10 -D UNIVERSAL_WIDTH_Y=1 -D UNIVERSAL_OFFSET_X=0 -D UNIVERSAL_OFFSET_Y=0 -D PROCESS_WIDTH_X=0 -D PROCESS_WIDTH_Y=0 -D PROCESS_OFFSET_X=0 -D PROCESS_OFFSET_Y=0):
Compilation started
Compilation done
Linking started
Linking done
Device build started
Device build done
Kernel <gb_initialize_center> was successfully vectorized (8)
Kernel <gb_integrate_center_1> was successfully vectorized (8)
Kernel <gb_integrate_center_2> was successfully vectorized (8)
Kernel <gb_integrate_center_3> was successfully vectorized (8)
Kernel <gb_integrate_center_4> was successfully vectorized (8)
Kernel <gb_compute_contraction_matrix> was successfully vectorized (8)
Kernel <gb_initialize_radius> was successfully vectorized (8)
Kernel <gb_integrate_radius_1> was not vectorized
Kernel <gb_integrate_radius_2> was not vectorized
Kernel <gb_integrate_radius_3> was not vectorized
Kernel <gb_integrate_radius_4> was not vectorized
Done.
-----------------------------------------------------------------
Build ended
-----------------------------------------------------------------

-----------------------------------------------------------------
Build log started on Thursday 18/07/2019 15:01:17-927
-----------------------------------------------------------------
Number of devices: 1
Devices: Intel(R) Core(TM) i7-7700 CPU @ 3.60GHz; 
Purpose: Building context for a run on a single devices.
OpenCL compiler params: -cl-std=CL1.2 -I/home/hcs/Documents/pFaces/bin/kernels/ -I../examples/pirk/kernel-pack// -D UNIVERSAL_WIDTH_X=10 -D UNIVERSAL_WIDTH_Y=1 -D UNIVERSAL_OFFSET_X=0 -D UNIVERSAL_OFFSET_Y=0 -D PROCESS_WIDTH_X=0 -D PROCESS_WIDTH_Y=0 -D PROCESS_OFFSET_X=0 -D PROCESS_OFFSET_Y=0
Kernel file: ../examples/pirk/kernel-pack//pirk.cpu.cl.render
-----------------------------------------------------------------
Build was succesufull with the following log:


Build log for  Dev. [Intel(R) Core(TM) i7-7700 CPU @ 3.60GHz] with options (-cl-std=CL1.2 -I/home/hcs/Documents/pFaces/bin/kernels/ -I../examples/pirk/kernel-pack// -D UNIVERSAL_WIDTH_X=10 -D UNIVERSAL_WIDTH_Y=1 -D UNIVERSAL_OFFSET_X=0 -D UNIVERSAL_OFFSET_Y=0 -D PROCESS_WIDTH_X=0 -D PROCESS_WIDTH_Y=0 -D PROCESS_OFFSET_X=0 -D PROCESS_OFFSET_Y=0):
Compilation started
Compilation done
Linking started
Linking done
Device build started
Device build done
Kernel <gb_initialize_center> was successfully vectorized (8)
Kernel <gb_integrate_center_1> was successfully vectorized (8)
Kernel <gb_integrate_center_2> was successfully vectorized (8)
Kernel <gb_integrate_center_3> was successfully vectorized (8)
Kernel <gb_integrate_center_4> was successfully vectorized (8)
Kernel <gb_compute_contraction_matrix> was successfully vectorized (8)
Kernel <gb_initialize_radius> was successfully vectorized (8)
Kernel <gb_integrate_radius_1> was not vectorized
Kernel <gb_integrate_radius_2> was not vectorized
Kernel <gb_integrate_radius_3> was not vectorized
Kernel <gb_integrate_radius_4> was not vectorized
Done.
-----------------------------------------------------------------
Build ended
-----------------------------------------------------------------

-----------------------------------------------------------------
Build log started on Thursday 18/07/2019 15:01:56-427
-----------------------------------------------------------------
Number of devices: 1
Devices: Intel(R) Core(TM) i7-7700 CPU @ 3.60GHz; 
Purpose: Building context for a run on a single devices.
OpenCL compiler params: -cl-std=CL1.2 -I/home/hcs/Documents/pFaces/bin/kernels/ -I../examples/pirk/kernel-pack// -D UNIVERSAL_WIDTH_X=10 -D UNIVERSAL_WIDTH_Y=1 -D UNIVERSAL_OFFSET_X=0 -D UNIVERSAL_OFFSET_Y=0 -D PROCESS_WIDTH_X=0 -D PROCESS_WIDTH_Y=0 -D PROCESS_OFFSET_X=0 -D PROCESS_OFFSET_Y=0
Kernel file: ../examples/pirk/kernel-pack//pirk.cpu.cl.render
-----------------------------------------------------------------
Build was succesufull with the following log:


Build log for  Dev. [Intel(R) Core(TM) i7-7700 CPU @ 3.60GHz] with options (-cl-std=CL1.2 -I/home/hcs/Documents/pFaces/bin/kernels/ -I../examples/pirk/kernel-pack// -D UNIVERSAL_WIDTH_X=10 -D UNIVERSAL_WIDTH_Y=1 -D UNIVERSAL_OFFSET_X=0 -D UNIVERSAL_OFFSET_Y=0 -D PROCESS_WIDTH_X=0 -D PROCESS_WIDTH_Y=0 -D PROCESS_OFFSET_X=0 -D PROCESS_OFFSET_Y=0):
Compilation started
Compilation done
Linking started
Linking done
Device build started
Device build done
Kernel <gb_initialize_center> was successfully vectorized (8)
Kernel <gb_integrate_center_1> was successfully vectorized (8)
Kernel <gb_integrate_center_2> was successfully vectorized (8)
Kernel <gb_integrate_center_3> was successfully vectorized (8)
Kernel <gb_integrate_center_4> was successfully vectorized (8)
Kernel <gb_compute_contraction_matrix> was successfully vectorized (8)
Kernel <gb_initialize_radius> was successfully vectorized (8)
Kernel <gb_integrate_radius_1> was not vectorized
Kernel <gb_integrate_radius_2> was not vectorized
Kernel <gb_integrate_radius_3> was not vectorized
Kernel <gb_integrate_radius_4> was not vectorized
Done.
-----------------------------------------------------------------
Build ended
-----------------------------------------------------------------

-----------------------------------------------------------------
Build log started on Thursday 18/07/2019 15:02:03-715
-----------------------------------------------------------------
Number of devices: 1
Devices: Intel(R) Core(TM) i7-7700 CPU @ 3.60GHz; 
Purpose: Building context for a run on a single devices.
OpenCL compiler params: -cl-std=CL1.2 -I/home/hcs/Documents/pFaces/bin/kernels/ -I../examples/pirk/kernel-pack// -D UNIVERSAL_WIDTH_X=10 -D UNIVERSAL_WIDTH_Y=1 -D UNIVERSAL_OFFSET_X=0 -D UNIVERSAL_OFFSET_Y=0 -D PROCESS_WIDTH_X=0 -D PROCESS_WIDTH_Y=0 -D PROCESS_OFFSET_X=0 -D PROCESS_OFFSET_Y=0
Kernel file: ../examples/pirk/kernel-pack//pirk.cpu.cl.render
-----------------------------------------------------------------
Build was succesufull with the following log:


Build log for  Dev. [Intel(R) Core(TM) i7-7700 CPU @ 3.60GHz] with options (-cl-std=CL1.2 -I/home/hcs/Documents/pFaces/bin/kernels/ -I../examples/pirk/kernel-pack// -D UNIVERSAL_WIDTH_X=10 -D UNIVERSAL_WIDTH_Y=1 -D UNIVERSAL_OFFSET_X=0 -D UNIVERSAL_OFFSET_Y=0 -D PROCESS_WIDTH_X=0 -D PROCESS_WIDTH_Y=0 -D PROCESS_OFFSET_X=0 -D PROCESS_OFFSET_Y=0):
Compilation started
Compilation done
Linking started
Linking done
Device build started
Device build done
Kernel <gb_initialize_center> was successfully vectorized (8)
Kernel <gb_integrate_center_1> was successfully vectorized (8)
Kernel <gb_integrate_center_2> was successfully vectorized (8)
Kernel <gb_integrate_center_3> was successfully vectorized (8)
Kernel <gb_integrate_center_4> was successfully vectorized (8)
Kernel <gb_compute_contraction_matrix> was successfully vectorized (8)
Kernel <gb_initialize_radius> was successfully vectorized (8)
Kernel <gb_integrate_radius_1> was not vectorized
Kernel <gb_integrate_radius_2> was not vectorized
Kernel <gb_integrate_radius_3> was not vectorized
Kernel <gb_integrate_radius_4> was not vectorized
Done.
-----------------------------------------------------------------
Build ended
-----------------------------------------------------------------

-----------------------------------------------------------------
Build log started on Thursday 18/07/2019 15:02:06-396
-----------------------------------------------------------------
Number of devices: 1
Devices: Intel(R) Core(TM) i7-7700 CPU @ 3.60GHz; 
Purpose: Building context for a run on a single devices.
OpenCL compiler params: -cl-std=CL1.2 -I/home/hcs/Documents/pFaces/bin/kernels/ -I../examples/pirk/kernel-pack// -D UNIVERSAL_WIDTH_X=10 -D UNIVERSAL_WIDTH_Y=1 -D UNIVERSAL_OFFSET_X=0 -D UNIVERSAL_OFFSET_Y=0 -D PROCESS_WIDTH_X=0 -D PROCESS_WIDTH_Y=0 -D PROCESS_OFFSET_X=0 -D PROCESS_OFFSET_Y=0
Kernel file: ../examples/pirk/kernel-pack//pirk.cpu.cl.render
-----------------------------------------------------------------
Build was succesufull with the following log:


Build log for  Dev. [Intel(R) Core(TM) i7-7700 CPU @ 3.60GHz] with options (-cl-std=CL1.2 -I/home/hcs/Documents/pFaces/bin/kernels/ -I../examples/pirk/kernel-pack// -D UNIVERSAL_WIDTH_X=10 -D UNIVERSAL_WIDTH_Y=1 -D UNIVERSAL_OFFSET_X=0 -D UNIVERSAL_OFFSET_Y=0 -D PROCESS_WIDTH_X=0 -D PROCESS_WIDTH_Y=0 -D PROCESS_OFFSET_X=0 -D PROCESS_OFFSET_Y=0):
Compilation started
Compilation done
Linking started
Linking done
Device build started
Device build done
Kernel <gb_initialize_center> was successfully vectorized (8)
Kernel <gb_integrate_center_1> was successfully vectorized (8)
Kernel <gb_integrate_center_2> was successfully vectorized (8)
Kernel <gb_integrate_center_3> was successfully vectorized (8)
Kernel <gb_integrate_center_4> was successfully vectorized (8)
Kernel <gb_compute_contraction_matrix> was successfully vectorized (8)
Kernel <gb_initialize_radius> was successfully vectorized (8)
Kernel <gb_integrate_radius_1> was not vectorized
Kernel <gb_integrate_radius_2> was not vectorized
Kernel <gb_integrate_radius_3> was not vectorized
Kernel <gb_integrate_radius_4> was not vectorized
Done.
-----------------------------------------------------------------
Build ended
-----------------------------------------------------------------

-----------------------------------------------------------------
Build log started on Thursday 18/07/2019 15:03:40-173
-----------------------------------------------------------------
Number of devices: 1
Devices: Intel(R) Core(TM) i7-7700 CPU @ 3.60GHz; 
Purpose: Building context for a run on a single devices.
OpenCL compiler params: -cl-std=CL1.2 -I/home/hcs/Documents/pFaces/bin/kernels/ -I../examples/pirk/kernel-pack// -D UNIVERSAL_WIDTH_X=10 -D UNIVERSAL_WIDTH_Y=1 -D UNIVERSAL_OFFSET_X=0 -D UNIVERSAL_OFFSET_Y=0 -D PROCESS_WIDTH_X=0 -D PROCESS_WIDTH_Y=0 -D PROCESS_OFFSET_X=0 -D PROCESS_OFFSET_Y=0
Kernel file: ../examples/pirk/kernel-pack//pirk.cpu.cl.render
-----------------------------------------------------------------
Build was succesufull with the following log:


Build log for  Dev. [Intel(R) Core(TM) i7-7700 CPU @ 3.60GHz] with options (-cl-std=CL1.2 -I/home/hcs/Documents/pFaces/bin/kernels/ -I../examples/pirk/kernel-pack// -D UNIVERSAL_WIDTH_X=10 -D UNIVERSAL_WIDTH_Y=1 -D UNIVERSAL_OFFSET_X=0 -D UNIVERSAL_OFFSET_Y=0 -D PROCESS_WIDTH_X=0 -D PROCESS_WIDTH_Y=0 -D PROCESS_OFFSET_X=0 -D PROCESS_OFFSET_Y=0):
Compilation started
Compilation done
Linking started
Linking done
Device build started
Device build done
Kernel <gb_initialize_center> was successfully vectorized (8)
Kernel <gb_integrate_center_1> was successfully vectorized (8)
Kernel <gb_integrate_center_2> was successfully vectorized (8)
Kernel <gb_integrate_center_3> was successfully vectorized (8)
Kernel <gb_integrate_center_4> was successfully vectorized (8)
Kernel <gb_compute_contraction_matrix> was successfully vectorized (8)
Kernel <gb_initialize_radius> was successfully vectorized (8)
Kernel <gb_integrate_radius_1> was not vectorized
Kernel <gb_integrate_radius_2> was not vectorized
Kernel <gb_integrate_radius_3> was not vectorized
Kernel <gb_integrate_radius_4> was not vectorized
Done.
-----------------------------------------------------------------
Build ended
-----------------------------------------------------------------

-----------------------------------------------------------------
Build log started on Thursday 18/07/2019 15:03:48-035
-----------------------------------------------------------------
Number of devices: 1
Devices: Intel(R) Core(TM) i7-7700 CPU @ 3.60GHz; 
Purpose: Building context for a run on a single devices.
OpenCL compiler params: -cl-std=CL1.2 -I/home/hcs/Documents/pFaces/bin/kernels/ -I../examples/pirk/kernel-pack// -D UNIVERSAL_WIDTH_X=10 -D UNIVERSAL_WIDTH_Y=1 -D UNIVERSAL_OFFSET_X=0 -D UNIVERSAL_OFFSET_Y=0 -D PROCESS_WIDTH_X=0 -D PROCESS_WIDTH_Y=0 -D PROCESS_OFFSET_X=0 -D PROCESS_OFFSET_Y=0
Kernel file: ../examples/pirk/kernel-pack//pirk.cpu.cl.render
-----------------------------------------------------------------
Build was succesufull with the following log:


Build log for  Dev. [Intel(R) Core(TM) i7-7700 CPU @ 3.60GHz] with options (-cl-std=CL1.2 -I/home/hcs/Documents/pFaces/bin/kernels/ -I../examples/pirk/kernel-pack// -D UNIVERSAL_WIDTH_X=10 -D UNIVERSAL_WIDTH_Y=1 -D UNIVERSAL_OFFSET_X=0 -D UNIVERSAL_OFFSET_Y=0 -D PROCESS_WIDTH_X=0 -D PROCESS_WIDTH_Y=0 -D PROCESS_OFFSET_X=0 -D PROCESS_OFFSET_Y=0):
Compilation started
Compilation done
Linking started
Linking done
Device build started
Device build done
Kernel <gb_initialize_center> was successfully vectorized (8)
Kernel <gb_integrate_center_1> was successfully vectorized (8)
Kernel <gb_integrate_center_2> was successfully vectorized (8)
Kernel <gb_integrate_center_3> was successfully vectorized (8)
Kernel <gb_integrate_center_4> was successfully vectorized (8)
Kernel <gb_compute_contraction_matrix> was successfully vectorized (8)
Kernel <gb_initialize_radius> was successfully vectorized (8)
Kernel <gb_integrate_radius_1> was not vectorized
Kernel <gb_integrate_radius_2> was not vectorized
Kernel <gb_integrate_radius_3> was not vectorized
Kernel <gb_integrate_radius_4> was not vectorized
Done.
-----------------------------------------------------------------
Build ended
-----------------------------------------------------------------

-----------------------------------------------------------------
Build log started on Thursday 18/07/2019 15:03:50-992
-----------------------------------------------------------------
Number of devices: 1
Devices: Intel(R) Core(TM) i7-7700 CPU @ 3.60GHz; 
Purpose: Building context for a run on a single devices.
OpenCL compiler params: -cl-std=CL1.2 -I/home/hcs/Documents/pFaces/bin/kernels/ -I../examples/pirk/kernel-pack// -D UNIVERSAL_WIDTH_X=10 -D UNIVERSAL_WIDTH_Y=1 -D UNIVERSAL_OFFSET_X=0 -D UNIVERSAL_OFFSET_Y=0 -D PROCESS_WIDTH_X=0 -D PROCESS_WIDTH_Y=0 -D PROCESS_OFFSET_X=0 -D PROCESS_OFFSET_Y=0
Kernel file: ../examples/pirk/kernel-pack//pirk.cpu.cl.render
-----------------------------------------------------------------
Build was succesufull with the following log:


Build log for  Dev. [Intel(R) Core(TM) i7-7700 CPU @ 3.60GHz] with options (-cl-std=CL1.2 -I/home/hcs/Documents/pFaces/bin/kernels/ -I../examples/pirk/kernel-pack// -D UNIVERSAL_WIDTH_X=10 -D UNIVERSAL_WIDTH_Y=1 -D UNIVERSAL_OFFSET_X=0 -D UNIVERSAL_OFFSET_Y=0 -D PROCESS_WIDTH_X=0 -D PROCESS_WIDTH_Y=0 -D PROCESS_OFFSET_X=0 -D PROCESS_OFFSET_Y=0):
Compilation started
Compilation done
Linking started
Linking done
Device build started
Device build done
Kernel <gb_initialize_center> was successfully vectorized (8)
Kernel <gb_integrate_center_1> was successfully vectorized (8)
Kernel <gb_integrate_center_2> was successfully vectorized (8)
Kernel <gb_integrate_center_3> was successfully vectorized (8)
Kernel <gb_integrate_center_4> was successfully vectorized (8)
Kernel <gb_compute_contraction_matrix> was successfully vectorized (8)
Kernel <gb_initialize_radius> was successfully vectorized (8)
Kernel <gb_integrate_radius_1> was not vectorized
Kernel <gb_integrate_radius_2> was not vectorized
Kernel <gb_integrate_radius_3> was not vectorized
Kernel <gb_integrate_radius_4> was not vectorized
Done.
-----------------------------------------------------------------
Build ended
-----------------------------------------------------------------

-----------------------------------------------------------------
Build log started on Thursday 18/07/2019 15:03:56-706
-----------------------------------------------------------------
Number of devices: 1
Devices: Intel(R) Core(TM) i7-7700 CPU @ 3.60GHz; 
Purpose: Building context for a run on a single devices.
OpenCL compiler params: -cl-std=CL1.2 -I/home/hcs/Documents/pFaces/bin/kernels/ -I../examples/pirk/kernel-pack// -D UNIVERSAL_WIDTH_X=10 -D UNIVERSAL_WIDTH_Y=1 -D UNIVERSAL_OFFSET_X=0 -D UNIVERSAL_OFFSET_Y=0 -D PROCESS_WIDTH_X=0 -D PROCESS_WIDTH_Y=0 -D PROCESS_OFFSET_X=0 -D PROCESS_OFFSET_Y=0
Kernel file: ../examples/pirk/kernel-pack//pirk.cpu.cl.render
-----------------------------------------------------------------
Build was succesufull with the following log:


Build log for  Dev. [Intel(R) Core(TM) i7-7700 CPU @ 3.60GHz] with options (-cl-std=CL1.2 -I/home/hcs/Documents/pFaces/bin/kernels/ -I../examples/pirk/kernel-pack// -D UNIVERSAL_WIDTH_X=10 -D UNIVERSAL_WIDTH_Y=1 -D UNIVERSAL_OFFSET_X=0 -D UNIVERSAL_OFFSET_Y=0 -D PROCESS_WIDTH_X=0 -D PROCESS_WIDTH_Y=0 -D PROCESS_OFFSET_X=0 -D PROCESS_OFFSET_Y=0):
Compilation started
Compilation done
Linking started
Linking done
Device build started
Device build done
Kernel <gb_initialize_center> was successfully vectorized (8)
Kernel <gb_integrate_center_1> was successfully vectorized (8)
Kernel <gb_integrate_center_2> was successfully vectorized (8)
Kernel <gb_integrate_center_3> was successfully vectorized (8)
Kernel <gb_integrate_center_4> was successfully vectorized (8)
Kernel <gb_compute_contraction_matrix> was successfully vectorized (8)
Kernel <gb_initialize_radius> was successfully vectorized (8)
Kernel <gb_integrate_radius_1> was not vectorized
Kernel <gb_integrate_radius_2> was not vectorized
Kernel <gb_integrate_radius_3> was not vectorized
Kernel <gb_integrate_radius_4> was not vectorized
Done.
-----------------------------------------------------------------
Build ended
-----------------------------------------------------------------

-----------------------------------------------------------------
Build log started on Thursday 18/07/2019 15:04:01-317
-----------------------------------------------------------------
Number of devices: 1
Devices: Intel(R) Core(TM) i7-7700 CPU @ 3.60GHz; 
Purpose: Building context for a run on a single devices.
OpenCL compiler params: -cl-std=CL1.2 -I/home/hcs/Documents/pFaces/bin/kernels/ -I../examples/pirk/kernel-pack// -D UNIVERSAL_WIDTH_X=10 -D UNIVERSAL_WIDTH_Y=1 -D UNIVERSAL_OFFSET_X=0 -D UNIVERSAL_OFFSET_Y=0 -D PROCESS_WIDTH_X=0 -D PROCESS_WIDTH_Y=0 -D PROCESS_OFFSET_X=0 -D PROCESS_OFFSET_Y=0
Kernel file: ../examples/pirk/kernel-pack//pirk.cpu.cl.render
-----------------------------------------------------------------
Build was succesufull with the following log:


Build log for  Dev. [Intel(R) Core(TM) i7-7700 CPU @ 3.60GHz] with options (-cl-std=CL1.2 -I/home/hcs/Documents/pFaces/bin/kernels/ -I../examples/pirk/kernel-pack// -D UNIVERSAL_WIDTH_X=10 -D UNIVERSAL_WIDTH_Y=1 -D UNIVERSAL_OFFSET_X=0 -D UNIVERSAL_OFFSET_Y=0 -D PROCESS_WIDTH_X=0 -D PROCESS_WIDTH_Y=0 -D PROCESS_OFFSET_X=0 -D PROCESS_OFFSET_Y=0):
Compilation started
Compilation done
Linking started
Linking done
Device build started
Device build done
Kernel <gb_initialize_center> was successfully vectorized (8)
Kernel <gb_integrate_center_1> was successfully vectorized (8)
Kernel <gb_integrate_center_2> was successfully vectorized (8)
Kernel <gb_integrate_center_3> was successfully vectorized (8)
Kernel <gb_integrate_center_4> was successfully vectorized (8)
Kernel <gb_compute_contraction_matrix> was successfully vectorized (8)
Kernel <gb_initialize_radius> was successfully vectorized (8)
Kernel <gb_integrate_radius_1> was not vectorized
Kernel <gb_integrate_radius_2> was not vectorized
Kernel <gb_integrate_radius_3> was not vectorized
Kernel <gb_integrate_radius_4> was not vectorized
Done.
-----------------------------------------------------------------
Build ended
-----------------------------------------------------------------

-----------------------------------------------------------------
Build log started on Thursday 18/07/2019 15:05:47-795
-----------------------------------------------------------------
Number of devices: 1
Devices: Intel(R) Core(TM) i7-7700 CPU @ 3.60GHz; 
Purpose: Building context for a run on a single devices.
OpenCL compiler params: -cl-std=CL1.2 -I/home/hcs/Documents/pFaces/bin/kernels/ -I../examples/pirk/kernel-pack// -D UNIVERSAL_WIDTH_X=10 -D UNIVERSAL_WIDTH_Y=1 -D UNIVERSAL_OFFSET_X=0 -D UNIVERSAL_OFFSET_Y=0 -D PROCESS_WIDTH_X=0 -D PROCESS_WIDTH_Y=0 -D PROCESS_OFFSET_X=0 -D PROCESS_OFFSET_Y=0
Kernel file: ../examples/pirk/kernel-pack//pirk.cpu.cl.render
-----------------------------------------------------------------
Build was succesufull with the following log:


Build log for  Dev. [Intel(R) Core(TM) i7-7700 CPU @ 3.60GHz] with options (-cl-std=CL1.2 -I/home/hcs/Documents/pFaces/bin/kernels/ -I../examples/pirk/kernel-pack// -D UNIVERSAL_WIDTH_X=10 -D UNIVERSAL_WIDTH_Y=1 -D UNIVERSAL_OFFSET_X=0 -D UNIVERSAL_OFFSET_Y=0 -D PROCESS_WIDTH_X=0 -D PROCESS_WIDTH_Y=0 -D PROCESS_OFFSET_X=0 -D PROCESS_OFFSET_Y=0):
Compilation started
Compilation done
Linking started
Linking done
Device build started
Device build done
Kernel <gb_initialize_center> was successfully vectorized (8)
Kernel <gb_integrate_center_1> was successfully vectorized (8)
Kernel <gb_integrate_center_2> was successfully vectorized (8)
Kernel <gb_integrate_center_3> was successfully vectorized (8)
Kernel <gb_integrate_center_4> was successfully vectorized (8)
Kernel <gb_compute_contraction_matrix> was successfully vectorized (8)
Kernel <gb_initialize_radius> was successfully vectorized (8)
Kernel <gb_integrate_radius_1> was not vectorized
Kernel <gb_integrate_radius_2> was not vectorized
Kernel <gb_integrate_radius_3> was not vectorized
Kernel <gb_integrate_radius_4> was not vectorized
Done.
-----------------------------------------------------------------
Build ended
-----------------------------------------------------------------

-----------------------------------------------------------------
Build log started on Thursday 18/07/2019 15:05:53-520
-----------------------------------------------------------------
Number of devices: 1
Devices: Intel(R) Core(TM) i7-7700 CPU @ 3.60GHz; 
Purpose: Building context for a run on a single devices.
OpenCL compiler params: -cl-std=CL1.2 -I/home/hcs/Documents/pFaces/bin/kernels/ -I../examples/pirk/kernel-pack// -D UNIVERSAL_WIDTH_X=10 -D UNIVERSAL_WIDTH_Y=1 -D UNIVERSAL_OFFSET_X=0 -D UNIVERSAL_OFFSET_Y=0 -D PROCESS_WIDTH_X=0 -D PROCESS_WIDTH_Y=0 -D PROCESS_OFFSET_X=0 -D PROCESS_OFFSET_Y=0
Kernel file: ../examples/pirk/kernel-pack//pirk.cpu.cl.render
-----------------------------------------------------------------
Build was succesufull with the following log:


Build log for  Dev. [Intel(R) Core(TM) i7-7700 CPU @ 3.60GHz] with options (-cl-std=CL1.2 -I/home/hcs/Documents/pFaces/bin/kernels/ -I../examples/pirk/kernel-pack// -D UNIVERSAL_WIDTH_X=10 -D UNIVERSAL_WIDTH_Y=1 -D UNIVERSAL_OFFSET_X=0 -D UNIVERSAL_OFFSET_Y=0 -D PROCESS_WIDTH_X=0 -D PROCESS_WIDTH_Y=0 -D PROCESS_OFFSET_X=0 -D PROCESS_OFFSET_Y=0):
Compilation started
Compilation done
Linking started
Linking done
Device build started
Device build done
Kernel <gb_initialize_center> was successfully vectorized (8)
Kernel <gb_integrate_center_1> was successfully vectorized (8)
Kernel <gb_integrate_center_2> was successfully vectorized (8)
Kernel <gb_integrate_center_3> was successfully vectorized (8)
Kernel <gb_integrate_center_4> was successfully vectorized (8)
Kernel <gb_compute_contraction_matrix> was successfully vectorized (8)
Kernel <gb_initialize_radius> was successfully vectorized (8)
Kernel <gb_integrate_radius_1> was not vectorized
Kernel <gb_integrate_radius_2> was not vectorized
Kernel <gb_integrate_radius_3> was not vectorized
Kernel <gb_integrate_radius_4> was not vectorized
Done.
-----------------------------------------------------------------
Build ended
-----------------------------------------------------------------

-----------------------------------------------------------------
Build log started on Thursday 18/07/2019 15:06:57-675
-----------------------------------------------------------------
Number of devices: 1
Devices: Intel(R) Core(TM) i7-7700 CPU @ 3.60GHz; 
Purpose: Building context for a run on a single devices.
OpenCL compiler params: -cl-std=CL1.2 -I/home/hcs/Documents/pFaces/bin/kernels/ -I../examples/pirk/kernel-pack// -D UNIVERSAL_WIDTH_X=10 -D UNIVERSAL_WIDTH_Y=1 -D UNIVERSAL_OFFSET_X=0 -D UNIVERSAL_OFFSET_Y=0 -D PROCESS_WIDTH_X=0 -D PROCESS_WIDTH_Y=0 -D PROCESS_OFFSET_X=0 -D PROCESS_OFFSET_Y=0
Kernel file: ../examples/pirk/kernel-pack//pirk.cpu.cl.render
-----------------------------------------------------------------
Build was succesufull with the following log:


Build log for  Dev. [Intel(R) Core(TM) i7-7700 CPU @ 3.60GHz] with options (-cl-std=CL1.2 -I/home/hcs/Documents/pFaces/bin/kernels/ -I../examples/pirk/kernel-pack// -D UNIVERSAL_WIDTH_X=10 -D UNIVERSAL_WIDTH_Y=1 -D UNIVERSAL_OFFSET_X=0 -D UNIVERSAL_OFFSET_Y=0 -D PROCESS_WIDTH_X=0 -D PROCESS_WIDTH_Y=0 -D PROCESS_OFFSET_X=0 -D PROCESS_OFFSET_Y=0):
Compilation started
Compilation done
Linking started
Linking done
Device build started
Device build done
Kernel <gb_initialize_center> was successfully vectorized (8)
Kernel <gb_integrate_center_1> was successfully vectorized (8)
Kernel <gb_integrate_center_2> was successfully vectorized (8)
Kernel <gb_integrate_center_3> was successfully vectorized (8)
Kernel <gb_integrate_center_4> was successfully vectorized (8)
Kernel <gb_compute_contraction_matrix> was successfully vectorized (8)
Kernel <gb_initialize_radius> was successfully vectorized (8)
Kernel <gb_integrate_radius_1> was not vectorized
Kernel <gb_integrate_radius_2> was not vectorized
Kernel <gb_integrate_radius_3> was not vectorized
Kernel <gb_integrate_radius_4> was not vectorized
Done.
-----------------------------------------------------------------
Build ended
-----------------------------------------------------------------

-----------------------------------------------------------------
Build log started on Thursday 18/07/2019 15:07:12-071
-----------------------------------------------------------------
Number of devices: 1
Devices: Intel(R) Core(TM) i7-7700 CPU @ 3.60GHz; 
Purpose: Building context for a run on a single devices.
OpenCL compiler params: -cl-std=CL1.2 -I/home/hcs/Documents/pFaces/bin/kernels/ -I../examples/pirk/kernel-pack// -D UNIVERSAL_WIDTH_X=10 -D UNIVERSAL_WIDTH_Y=1 -D UNIVERSAL_OFFSET_X=0 -D UNIVERSAL_OFFSET_Y=0 -D PROCESS_WIDTH_X=0 -D PROCESS_WIDTH_Y=0 -D PROCESS_OFFSET_X=0 -D PROCESS_OFFSET_Y=0
Kernel file: ../examples/pirk/kernel-pack//pirk.cpu.cl.render
-----------------------------------------------------------------
Build was succesufull with the following log:


Build log for  Dev. [Intel(R) Core(TM) i7-7700 CPU @ 3.60GHz] with options (-cl-std=CL1.2 -I/home/hcs/Documents/pFaces/bin/kernels/ -I../examples/pirk/kernel-pack// -D UNIVERSAL_WIDTH_X=10 -D UNIVERSAL_WIDTH_Y=1 -D UNIVERSAL_OFFSET_X=0 -D UNIVERSAL_OFFSET_Y=0 -D PROCESS_WIDTH_X=0 -D PROCESS_WIDTH_Y=0 -D PROCESS_OFFSET_X=0 -D PROCESS_OFFSET_Y=0):
Compilation started
Compilation done
Linking started
Linking done
Device build started
Device build done
Kernel <gb_initialize_center> was successfully vectorized (8)
Kernel <gb_integrate_center_1> was successfully vectorized (8)
Kernel <gb_integrate_center_2> was successfully vectorized (8)
Kernel <gb_integrate_center_3> was successfully vectorized (8)
Kernel <gb_integrate_center_4> was successfully vectorized (8)
Kernel <gb_compute_contraction_matrix> was successfully vectorized (8)
Kernel <gb_initialize_radius> was successfully vectorized (8)
Kernel <gb_integrate_radius_1> was not vectorized
Kernel <gb_integrate_radius_2> was not vectorized
Kernel <gb_integrate_radius_3> was not vectorized
Kernel <gb_integrate_radius_4> was not vectorized
Done.
-----------------------------------------------------------------
Build ended
-----------------------------------------------------------------

-----------------------------------------------------------------
Build log started on Thursday 18/07/2019 15:07:14-818
-----------------------------------------------------------------
Number of devices: 1
Devices: Intel(R) Core(TM) i7-7700 CPU @ 3.60GHz; 
Purpose: Building context for a run on a single devices.
OpenCL compiler params: -cl-std=CL1.2 -I/home/hcs/Documents/pFaces/bin/kernels/ -I../examples/pirk/kernel-pack// -D UNIVERSAL_WIDTH_X=10 -D UNIVERSAL_WIDTH_Y=1 -D UNIVERSAL_OFFSET_X=0 -D UNIVERSAL_OFFSET_Y=0 -D PROCESS_WIDTH_X=0 -D PROCESS_WIDTH_Y=0 -D PROCESS_OFFSET_X=0 -D PROCESS_OFFSET_Y=0
Kernel file: ../examples/pirk/kernel-pack//pirk.cpu.cl.render
-----------------------------------------------------------------
Build was succesufull with the following log:


Build log for  Dev. [Intel(R) Core(TM) i7-7700 CPU @ 3.60GHz] with options (-cl-std=CL1.2 -I/home/hcs/Documents/pFaces/bin/kernels/ -I../examples/pirk/kernel-pack// -D UNIVERSAL_WIDTH_X=10 -D UNIVERSAL_WIDTH_Y=1 -D UNIVERSAL_OFFSET_X=0 -D UNIVERSAL_OFFSET_Y=0 -D PROCESS_WIDTH_X=0 -D PROCESS_WIDTH_Y=0 -D PROCESS_OFFSET_X=0 -D PROCESS_OFFSET_Y=0):
Compilation started
Compilation done
Linking started
Linking done
Device build started
Device build done
Kernel <gb_initialize_center> was successfully vectorized (8)
Kernel <gb_integrate_center_1> was successfully vectorized (8)
Kernel <gb_integrate_center_2> was successfully vectorized (8)
Kernel <gb_integrate_center_3> was successfully vectorized (8)
Kernel <gb_integrate_center_4> was successfully vectorized (8)
Kernel <gb_compute_contraction_matrix> was successfully vectorized (8)
Kernel <gb_initialize_radius> was successfully vectorized (8)
Kernel <gb_integrate_radius_1> was not vectorized
Kernel <gb_integrate_radius_2> was not vectorized
Kernel <gb_integrate_radius_3> was not vectorized
Kernel <gb_integrate_radius_4> was not vectorized
Done.
-----------------------------------------------------------------
Build ended
-----------------------------------------------------------------

-----------------------------------------------------------------
Build log started on Thursday 18/07/2019 15:07:23-055
-----------------------------------------------------------------
Number of devices: 1
Devices: Intel(R) Core(TM) i7-7700 CPU @ 3.60GHz; 
Purpose: Building context for a run on a single devices.
OpenCL compiler params: -cl-std=CL1.2 -I/home/hcs/Documents/pFaces/bin/kernels/ -I../examples/pirk/kernel-pack// -D UNIVERSAL_WIDTH_X=10 -D UNIVERSAL_WIDTH_Y=1 -D UNIVERSAL_OFFSET_X=0 -D UNIVERSAL_OFFSET_Y=0 -D PROCESS_WIDTH_X=0 -D PROCESS_WIDTH_Y=0 -D PROCESS_OFFSET_X=0 -D PROCESS_OFFSET_Y=0
Kernel file: ../examples/pirk/kernel-pack//pirk.cpu.cl.render
-----------------------------------------------------------------
Build was succesufull with the following log:


Build log for  Dev. [Intel(R) Core(TM) i7-7700 CPU @ 3.60GHz] with options (-cl-std=CL1.2 -I/home/hcs/Documents/pFaces/bin/kernels/ -I../examples/pirk/kernel-pack// -D UNIVERSAL_WIDTH_X=10 -D UNIVERSAL_WIDTH_Y=1 -D UNIVERSAL_OFFSET_X=0 -D UNIVERSAL_OFFSET_Y=0 -D PROCESS_WIDTH_X=0 -D PROCESS_WIDTH_Y=0 -D PROCESS_OFFSET_X=0 -D PROCESS_OFFSET_Y=0):
Compilation started
Compilation done
Linking started
Linking done
Device build started
Device build done
Kernel <gb_initialize_center> was successfully vectorized (8)
Kernel <gb_integrate_center_1> was successfully vectorized (8)
Kernel <gb_integrate_center_2> was successfully vectorized (8)
Kernel <gb_integrate_center_3> was successfully vectorized (8)
Kernel <gb_integrate_center_4> was successfully vectorized (8)
Kernel <gb_compute_contraction_matrix> was successfully vectorized (8)
Kernel <gb_initialize_radius> was successfully vectorized (8)
Kernel <gb_integrate_radius_1> was not vectorized
Kernel <gb_integrate_radius_2> was not vectorized
Kernel <gb_integrate_radius_3> was not vectorized
Kernel <gb_integrate_radius_4> was not vectorized
Done.
-----------------------------------------------------------------
Build ended
-----------------------------------------------------------------

-----------------------------------------------------------------
Build log started on Thursday 18/07/2019 15:07:53-993
-----------------------------------------------------------------
Number of devices: 1
Devices: Intel(R) Core(TM) i7-7700 CPU @ 3.60GHz; 
Purpose: Building context for a run on a single devices.
OpenCL compiler params: -cl-std=CL1.2 -I/home/hcs/Documents/pFaces/bin/kernels/ -I../examples/pirk/kernel-pack// -D UNIVERSAL_WIDTH_X=10 -D UNIVERSAL_WIDTH_Y=1 -D UNIVERSAL_OFFSET_X=0 -D UNIVERSAL_OFFSET_Y=0 -D PROCESS_WIDTH_X=0 -D PROCESS_WIDTH_Y=0 -D PROCESS_OFFSET_X=0 -D PROCESS_OFFSET_Y=0
Kernel file: ../examples/pirk/kernel-pack//pirk.cpu.cl.render
-----------------------------------------------------------------
Build was succesufull with the following log:


Build log for  Dev. [Intel(R) Core(TM) i7-7700 CPU @ 3.60GHz] with options (-cl-std=CL1.2 -I/home/hcs/Documents/pFaces/bin/kernels/ -I../examples/pirk/kernel-pack// -D UNIVERSAL_WIDTH_X=10 -D UNIVERSAL_WIDTH_Y=1 -D UNIVERSAL_OFFSET_X=0 -D UNIVERSAL_OFFSET_Y=0 -D PROCESS_WIDTH_X=0 -D PROCESS_WIDTH_Y=0 -D PROCESS_OFFSET_X=0 -D PROCESS_OFFSET_Y=0):
Compilation started
Compilation done
Linking started
Linking done
Device build started
Device build done
Kernel <gb_initialize_center> was successfully vectorized (8)
Kernel <gb_integrate_center_1> was successfully vectorized (8)
Kernel <gb_integrate_center_2> was successfully vectorized (8)
Kernel <gb_integrate_center_3> was successfully vectorized (8)
Kernel <gb_integrate_center_4> was successfully vectorized (8)
Kernel <gb_compute_contraction_matrix> was successfully vectorized (8)
Kernel <gb_initialize_radius> was successfully vectorized (8)
Kernel <gb_integrate_radius_1> was not vectorized
Kernel <gb_integrate_radius_2> was not vectorized
Kernel <gb_integrate_radius_3> was not vectorized
Kernel <gb_integrate_radius_4> was not vectorized
Done.
-----------------------------------------------------------------
Build ended
-----------------------------------------------------------------

-----------------------------------------------------------------
Build log started on Thursday 18/07/2019 15:09:43-403
-----------------------------------------------------------------
Number of devices: 1
Devices: Intel(R) Core(TM) i7-7700 CPU @ 3.60GHz; 
Purpose: Building context for a run on a single devices.
OpenCL compiler params: -cl-std=CL1.2 -I/home/hcs/Documents/pFaces/bin/kernels/ -I../examples/pirk/kernel-pack// -D UNIVERSAL_WIDTH_X=10 -D UNIVERSAL_WIDTH_Y=1 -D UNIVERSAL_OFFSET_X=0 -D UNIVERSAL_OFFSET_Y=0 -D PROCESS_WIDTH_X=0 -D PROCESS_WIDTH_Y=0 -D PROCESS_OFFSET_X=0 -D PROCESS_OFFSET_Y=0
Kernel file: ../examples/pirk/kernel-pack//pirk.cpu.cl.render
-----------------------------------------------------------------
Build was succesufull with the following log:


Build log for  Dev. [Intel(R) Core(TM) i7-7700 CPU @ 3.60GHz] with options (-cl-std=CL1.2 -I/home/hcs/Documents/pFaces/bin/kernels/ -I../examples/pirk/kernel-pack// -D UNIVERSAL_WIDTH_X=10 -D UNIVERSAL_WIDTH_Y=1 -D UNIVERSAL_OFFSET_X=0 -D UNIVERSAL_OFFSET_Y=0 -D PROCESS_WIDTH_X=0 -D PROCESS_WIDTH_Y=0 -D PROCESS_OFFSET_X=0 -D PROCESS_OFFSET_Y=0):
Compilation started
Compilation done
Linking started
Linking done
Device build started
Device build done
Kernel <gb_initialize_center> was successfully vectorized (8)
Kernel <gb_integrate_center_1> was successfully vectorized (8)
Kernel <gb_integrate_center_2> was successfully vectorized (8)
Kernel <gb_integrate_center_3> was successfully vectorized (8)
Kernel <gb_integrate_center_4> was successfully vectorized (8)
Kernel <gb_compute_contraction_matrix> was successfully vectorized (8)
Kernel <gb_initialize_radius> was successfully vectorized (8)
Kernel <gb_integrate_radius_1> was not vectorized
Kernel <gb_integrate_radius_2> was not vectorized
Kernel <gb_integrate_radius_3> was not vectorized
Kernel <gb_integrate_radius_4> was not vectorized
Done.
-----------------------------------------------------------------
Build ended
-----------------------------------------------------------------

-----------------------------------------------------------------
Build log started on Thursday 18/07/2019 15:11:18-012
-----------------------------------------------------------------
Number of devices: 1
Devices: Intel(R) Core(TM) i7-7700 CPU @ 3.60GHz; 
Purpose: Building context for a run on a single devices.
OpenCL compiler params: -cl-std=CL1.2 -I/home/hcs/Documents/pFaces/bin/kernels/ -I../examples/pirk/kernel-pack// -D UNIVERSAL_WIDTH_X=10 -D UNIVERSAL_WIDTH_Y=1 -D UNIVERSAL_OFFSET_X=0 -D UNIVERSAL_OFFSET_Y=0 -D PROCESS_WIDTH_X=0 -D PROCESS_WIDTH_Y=0 -D PROCESS_OFFSET_X=0 -D PROCESS_OFFSET_Y=0
Kernel file: ../examples/pirk/kernel-pack//pirk.cpu.cl.render
-----------------------------------------------------------------
Build was succesufull with the following log:


Build log for  Dev. [Intel(R) Core(TM) i7-7700 CPU @ 3.60GHz] with options (-cl-std=CL1.2 -I/home/hcs/Documents/pFaces/bin/kernels/ -I../examples/pirk/kernel-pack// -D UNIVERSAL_WIDTH_X=10 -D UNIVERSAL_WIDTH_Y=1 -D UNIVERSAL_OFFSET_X=0 -D UNIVERSAL_OFFSET_Y=0 -D PROCESS_WIDTH_X=0 -D PROCESS_WIDTH_Y=0 -D PROCESS_OFFSET_X=0 -D PROCESS_OFFSET_Y=0):
Compilation started
Compilation done
Linking started
Linking done
Device build started
Device build done
Kernel <gb_initialize_center> was successfully vectorized (8)
Kernel <gb_integrate_center_1> was successfully vectorized (8)
Kernel <gb_integrate_center_2> was successfully vectorized (8)
Kernel <gb_integrate_center_3> was successfully vectorized (8)
Kernel <gb_integrate_center_4> was successfully vectorized (8)
Kernel <gb_compute_contraction_matrix> was successfully vectorized (8)
Kernel <gb_initialize_radius> was successfully vectorized (8)
Kernel <gb_integrate_radius_1> was not vectorized
Kernel <gb_integrate_radius_2> was not vectorized
Kernel <gb_integrate_radius_3> was not vectorized
Kernel <gb_integrate_radius_4> was not vectorized
Done.
-----------------------------------------------------------------
Build ended
-----------------------------------------------------------------

